1689665729070	geckodriver	INFO	Listening on 127.0.0.1:65128
1689665730002	mozrunner::runner	INFO	Running command: "/Applications/Firefox.app/Contents/MacOS/firefox-bin" "--marionette" "-foreground" "-no-remote" "-profile" "/var/folders/nh/qb4ylrhx37z_117qlgwl713m0000gn/T/rust_mozprofilesJ95SY"
2023-07-18 13:05:44.729 firefox-bin[52579:2143308] Unable to install helper!
console.warn: services.settings: Ignoring preference override of remote settings server
console.warn: services.settings: Allow by setting MOZ_REMOTE_SETTINGS_DEVTOOLS=1 in the environment
1689665745681	Marionette	INFO	Marionette enabled
1689665745983	Marionette	INFO	Listening on port 65139
1689665763915	geckodriver	INFO	Listening on 127.0.0.1:65456
1689665763929	mozrunner::runner	INFO	Running command: "/Applications/Firefox.app/Contents/MacOS/firefox-bin" "--marionette" "-foreground" "-no-remote" "-profile" "/var/folders/nh/qb4ylrhx37z_117qlgwl713m0000gn/T/rust_mozprofiledIAPVJ"
console.warn: services.settings: Ignoring preference override of remote settings server
console.warn: services.settings: Allow by setting MOZ_REMOTE_SETTINGS_DEVTOOLS=1 in the environment
1689665764643	Marionette	INFO	Marionette enabled
1689665764934	Marionette	INFO	Listening on port 65461
1689665765417	RemoteAgent	WARN	TLS certificate errors will be ignored for this session
JavaScript warning: https://s.yimg.com/wm/mbr/b7a1bab1cfd008815d28038ccc8d7ff18d76219c/bundle.js, line 2: WEBGL_debug_renderer_info is deprecated in Firefox and will be removed. Please use RENDERER.
JavaScript warning: https://s.yimg.com/wm/mbr/b7a1bab1cfd008815d28038ccc8d7ff18d76219c/bundle.js, line 2: WEBGL_debug_renderer_info is deprecated in Firefox and will be removed. Please use RENDERER.
1689665783538	Marionette	INFO	Stopped listening on port 65461
1689665985311	Marionette	INFO	Stopped listening on port 65139
console.warn: TopSitesFeed: Failed to fetch data from Contile server: NetworkError when attempting to fetch resource.
1689665994003	geckodriver	INFO	Listening on 127.0.0.1:50096
1689665995016	mozrunner::runner	INFO	Running command: "/Applications/Firefox.app/Contents/MacOS/firefox-bin" "--marionette" "-foreground" "-no-remote" "-profile" "/var/folders/nh/qb4ylrhx37z_117qlgwl713m0000gn/T/rust_mozprofilejpdM3Q"
console.warn: services.settings: Ignoring preference override of remote settings server
console.warn: services.settings: Allow by setting MOZ_REMOTE_SETTINGS_DEVTOOLS=1 in the environment
1689665995898	Marionette	INFO	Marionette enabled
1689665996484	Marionette	INFO	Listening on port 50107
1689665996547	RemoteAgent	WARN	TLS certificate errors will be ignored for this session
JavaScript warning: https://s.yimg.com/wm/mbr/b7a1bab1cfd008815d28038ccc8d7ff18d76219c/bundle.js, line 2: WEBGL_debug_renderer_info is deprecated in Firefox and will be removed. Please use RENDERER.
JavaScript warning: https://s.yimg.com/wm/mbr/b7a1bab1cfd008815d28038ccc8d7ff18d76219c/bundle.js, line 2: WEBGL_debug_renderer_info is deprecated in Firefox and will be removed. Please use RENDERER.
console.warn: LoginRecipes: "Falling back to a synchronous message for: https://login.yahoo.com."
console.warn: LoginRecipes: "Falling back to a synchronous message for: https://login.yahoo.com."
JavaScript warning: https://s.yimg.com/wm/mbr/b7a1bab1cfd008815d28038ccc8d7ff18d76219c/bundle.js, line 2: WEBGL_debug_renderer_info is deprecated in Firefox and will be removed. Please use RENDERER.
JavaScript warning: https://s.yimg.com/wm/mbr/b7a1bab1cfd008815d28038ccc8d7ff18d76219c/bundle.js, line 2: WEBGL_debug_renderer_info is deprecated in Firefox and will be removed. Please use RENDERER.
console.warn: LoginRecipes: "Falling back to a synchronous message for: https://login.yahoo.com."
console.warn: LoginRecipes: "Falling back to a synchronous message for: https://login.yahoo.com."
JavaScript warning: https://aka-cdn.adtechus.com/media/moat/adtechbrands092348fjlsmdhlwsl239fh3df/moatad.js#moatClientLevel1=5113&moatClientLevel2=374058&moatClientLevel3=0&moatClientLevel4=4830441&zMoatMaster=11137345&zMoatFlight=11170160&zMoatBanner=26888929&zURL=https&zMoatPlacementId=4830441&zMoatAdId=11170160&zMoatCreative=0&zMoatBannerID=2&zMoatCustomVisp=50&zMoatCustomVist=1000&zMoatIsAdvisGoal=0&zMoatEventUrl=https://11.ras.yahoo.com/adcount|2.0|5113.1|4830441|0|225|AdId=11170160;BnId=2;ct=136942008;st=12867;adcid=1;itime=666041654;reqtype=5;guid=f832uflibcger;;impref=16896660402218499962;imprefseq=30692901566550035;imprefts=1689666040;adclntid=1004;spaceid=2023538075;adposition=LDRB;lmsid=;revshare=lu%253A1%253Bpt%253Ahome%253Bsite%253Afp%253Bver%253Amegastrm;pvid=CQHLjDEwLjL0DF59ZLZB2y2AMTAzLgAAAAAIKRvJ;sectionid=146750051;kvsecure%2Ddarla=4%2D11%2D1%7Cysd%7C1;kvsecure=true;kvmn=y406191;kvy%2Dbucket=hneldctr%2Cseamless;kvpgcolo=gq1;kvrs=lu:site:1:pt:megastrm:fp:ver:home;kvssp=ssp;kvadtc%5Fdvmktname=unknown;kvadtc%5Fdvosplt=os%5Fx:os%5Fx%5F10%5F15;kvadtc%5Fdvbrand=mozilla;kvadtc%5Fdvtype=desktop;kvadtc%5Fdvmodel=firefox%5F%2D%5Fos%5Fx;kvrepo%5Fdvosplt=os%5Fx;kvadtc%5Fdvosversion=10%2E15;kvadtc%5Fcrmcc=UNKNOWN;kvadtc%5Fcrmnc=UNKNOWN;gdpr=0;us_privacy=1YNN;&zMoatSize=225&zMoatSubNetID=1&zMoatisSelected=0&zMoatadServer=us-pg.ras.yahoo.com&zMoatadVisServer=&zMoatSamplingRate=5&zMoatliveTestCookie=&zMoatRefSeqId=TABAHgwCtBA&zMoatImpRefTs=1689666040&zMoatAlias=y406191&zMoatVert=&zMoatBannerInfo=498042362, line 265: WEBGL_debug_renderer_info is deprecated in Firefox and will be removed. Please use RENDERER.
JavaScript warning: https://aka-cdn.adtechus.com/media/moat/adtechbrands092348fjlsmdhlwsl239fh3df/moatad.js#moatClientLevel1=5113&moatClientLevel2=374058&moatClientLevel3=0&moatClientLevel4=4830399&zMoatMaster=11137345&zMoatFlight=11170213&zMoatBanner=26888824&zURL=https&zMoatPlacementId=4830399&zMoatAdId=11170213&zMoatCreative=0&zMoatBannerID=2&zMoatCustomVisp=50&zMoatCustomVist=1000&zMoatIsAdvisGoal=0&zMoatEventUrl=https://11.ras.yahoo.com/adcount|2.0|5113.1|4830399|0|170|AdId=11170213;BnId=2;ct=136942008;st=16229;adcid=1;itime=666041655;reqtype=5;guid=f832uflibcger;;impref=16896660402218499971;imprefseq=30692901566550038;imprefts=1689666040;adclntid=1004;spaceid=2023538075;adposition=LREC;lmsid=;revshare=lu%253A1%253Bpt%253Ahome%253Bsite%253Afp%253Bver%253Amegastrm;pvid=CQHLjDEwLjL0DF59ZLZB2y2AMTAzLgAAAAAIKRvJ;sectionid=146750051;kvsecure%2Ddarla=4%2D11%2D1%7Cysd%7C1;kvsecure=true;kvmn=y406192;kvy%2Dbucket=hneldctr%2Cseamless;kvpgcolo=gq1;kvrs=lu:site:1:pt:megastrm:fp:ver:home;kvssp=ssp;kvadtc%5Fdvmktname=unknown;kvadtc%5Fdvosplt=os%5Fx:os%5Fx%5F10%5F15;kvadtc%5Fdvbrand=mozilla;kvadtc%5Fdvtype=desktop;kvadtc%5Fdvmodel=firefox%5F%2D%5Fos%5Fx;kvrepo%5Fdvosplt=os%5Fx;kvadtc%5Fdvosversion=10%2E15;kvadtc%5Fcrmcc=UNKNOWN;kvadtc%5Fcrmnc=UNKNOWN;gdpr=0;us_privacy=1YNN;&zMoatSize=170&zMoatSubNetID=1&zMoatisSelected=0&zMoatadServer=us-pg.ras.yahoo.com&zMoatadVisServer=&zMoatSamplingRate=5&zMoatliveTestCookie=&zMoatRefSeqId=WABAHgwCtBA&zMoatImpRefTs=1689666040&zMoatAlias=y406192&zMoatVert=&zMoatBannerInfo=498042364, line 265: WEBGL_debug_renderer_info is deprecated in Firefox and will be removed. Please use RENDERER.
JavaScript warning: https://pagead2.googlesyndication.com/bg/cHXiv2Zk-prJL7FgPqrpMWRmFmfvuFMWFBKWE-bwhsU.js line 2 > eval line 7331 > eval line 1 > eval line 1 > eval, line 1: WEBGL_debug_renderer_info is deprecated in Firefox and will be removed. Please use RENDERER.
JavaScript warning: https://pagead2.googlesyndication.com/bg/cHXiv2Zk-prJL7FgPqrpMWRmFmfvuFMWFBKWE-bwhsU.js line 2 > eval line 5998 > eval line 1 > eval line 1 > eval, line 1: WEBGL_debug_renderer_info is deprecated in Firefox and will be removed. Please use RENDERER.
JavaScript error: https://cdn.flashtalking.com/116264/4243049/FY23Q2_DC_AcrobatDC_AcrobatDC_xy_en_AGI-ACQ-Webforms_AN_300x250.js, line 32: TypeError: cjs.MovieClip is not a constructor
JavaScript error: https://cdn.flashtalking.com/116264/4243049/index.html, line 32: TypeError: AdobeAn.getComposition is not a function
console.warn: LoginRecipes: "Falling back to a synchronous message for: https://www.yahoo.com."
JavaScript warning: https://cdn.js7k.com/ix/talon-1.0.40.js, line 1: WEBGL_debug_renderer_info is deprecated in Firefox and will be removed. Please use RENDERER.
JavaScript warning: https://cdn.js7k.com/ix/talon-1.0.40.js, line 1: WEBGL_debug_renderer_info is deprecated in Firefox and will be removed. Please use RENDERER.
JavaScript error: , line 0: TypeError: NetworkError when attempting to fetch resource.
JavaScript error: , line 0: TypeError: NetworkError when attempting to fetch resource.
JavaScript warning: https://aka-cdn.adtechus.com/media/moat/adtechbrands092348fjlsmdhlwsl239fh3df/moatad.js#moatClientLevel1=5113&moatClientLevel2=374058&moatClientLevel3=0&moatClientLevel4=4831289&zMoatMaster=11137345&zMoatFlight=11170114&zMoatBanner=26888827&zURL=https&zMoatPlacementId=4831289&zMoatAdId=11170114&zMoatCreative=0&zMoatBannerID=2&zMoatCustomVisp=50&zMoatCustomVist=1000&zMoatIsAdvisGoal=0&zMoatEventUrl=https://12.ras.yahoo.com/adcount|2.0|5113.1|4831289|0|170|AdId=11170114;BnId=2;ct=158816075;st=10521;adcid=1;itime=666062897;reqtype=5;guid=f832uflibcger;;impref=16896660622200021630;imprefseq=19997939078278888;imprefts=1689666062;adclntid=1004;spaceid=159600001;adposition=LREC;lmsid=;revshare=lu%253A1;pvid=29658fc88bd96ab74b1dc9ee271117b0573760;sectionid=264840051;kvsecure%2Ddarla=3%2E51%2E0%7Cysd%7C2;kvsecure=true;kvmn=y401673;kvy%2Dbucket=selectall%5Framp%5F2%2Cicaffiliatedesktopcart1red%2Cnotificationsupsell%5Fcontrol%2Csamsclubon%2Cympemptymlt01%2Ccontrol%2Dcaas%2Dguid%2Dbucketing%2Ddev%2Cicaffiliatedealcategorycontrol;kvpgcolo=ap%2Dsoutheast%2D1;kvrs=lu:1;kvssp=ssp;kvadtc%5Fdvmktname=unknown;kvadtc%5Fdvosplt=os%5Fx:os%5Fx%5F10%5F15;kvadtc%5Fdvbrand=mozilla;kvadtc%5Fdvtype=desktop;kvadtc%5Fdvmodel=firefox%5F%2D%5Fos%5Fx;kvrepo%5Fdvosplt=os%5Fx;kvadtc%5Fdvosversion=10%2E15;kvadtc%5Fcrmcc=UNKNOWN;kvadtc%5Fcrmnc=UNKNOWN;gdpr=0;gpp=DBABRg~BVoAACA;gpp_sid=9;&zMoatSize=170&zMoatSubNetID=1&zMoatisSelected=0&zMoatadServer=as-pg.ras.yahoo.com&zMoatadVisServer=&zMoatSamplingRate=5&zMoatliveTestCookie=&zMoatRefSeqId=o7CAHUADHBA&zMoatImpRefTs=1689666062&zMoatAlias=y401673&zMoatVert=&zMoatBannerInfo=498042404, line 265: WEBGL_debug_renderer_info is deprecated in Firefox and will be removed. Please use RENDERER.
JavaScript warning: https://aka-cdn.adtechus.com/media/moat/adtechbrands092348fjlsmdhlwsl239fh3df/moatad.js#moatClientLevel1=5113&moatClientLevel2=374058&moatClientLevel3=0&moatClientLevel4=4831290&zMoatMaster=11137345&zMoatFlight=11170250&zMoatBanner=26888828&zURL=https&zMoatPlacementId=4831290&zMoatAdId=11170250&zMoatCreative=0&zMoatBannerID=2&zMoatCustomVisp=50&zMoatCustomVist=1000&zMoatIsAdvisGoal=0&zMoatEventUrl=https://12.ras.yahoo.com/adcount|2.0|5113.1|4831290|0|170|AdId=11170250;BnId=2;ct=158816075;st=13744;adcid=1;itime=666062900;reqtype=5;guid=f832uflibcger;;impref=16896660622200021675;imprefseq=19997939078278891;imprefts=1689666062;adclntid=1004;spaceid=159600001;adposition=LREC4;lmsid=;revshare=lu%253A1;pvid=29658fc88bd96ab74b1dc9ee271117b0573760;sectionid=264840051;kvsecure%2Ddarla=3%2E51%2E0%7Cysd%7C2;kvsecure=true;kvmn=y401674;kvy%2Dbucket=selectall%5Framp%5F2%2Cicaffiliatedesktopcart1red%2Cnotificationsupsell%5Fcontrol%2Csamsclubon%2Cympemptymlt01%2Ccontrol%2Dcaas%2Dguid%2Dbucketing%2Ddev%2Cicaffiliatedealcategorycontrol;kvpgcolo=ap%2Dsoutheast%2D1;kvrs=lu:1;kvssp=ssp;kvadtc%5Fdvmktname=unknown;kvadtc%5Fdvosplt=os%5Fx:os%5Fx%5F10%5F15;kvadtc%5Fdvbrand=mozilla;kvadtc%5Fdvtype=desktop;kvadtc%5Fdvmodel=firefox%5F%2D%5Fos%5Fx;kvrepo%5Fdvosplt=os%5Fx;kvadtc%5Fdvosversion=10%2E15;kvadtc%5Fcrmcc=UNKNOWN;kvadtc%5Fcrmnc=UNKNOWN;gdpr=0;gpp=DBABRg~BVoAACA;gpp_sid=9;&zMoatSize=170&zMoatSubNetID=1&zMoatisSelected=0&zMoatadServer=as-pg.ras.yahoo.com&zMoatadVisServer=&zMoatSamplingRate=5&zMoatliveTestCookie=&zMoatRefSeqId=r7CAHUADHBA&zMoatImpRefTs=1689666062&zMoatAlias=y401674&zMoatVert=&zMoatBannerInfo=498042430, line 265: WEBGL_debug_renderer_info is deprecated in Firefox and will be removed. Please use RENDERER.
JavaScript warning: https://pagead2.googlesyndication.com/bg/cHXiv2Zk-prJL7FgPqrpMWRmFmfvuFMWFBKWE-bwhsU.js line 2 > eval line 5456 > eval line 1 > eval line 1 > eval, line 1: WEBGL_debug_renderer_info is deprecated in Firefox and will be removed. Please use RENDERER.
JavaScript warning: https://pagead2.googlesyndication.com/bg/cHXiv2Zk-prJL7FgPqrpMWRmFmfvuFMWFBKWE-bwhsU.js line 2 > eval line 4996 > eval line 1 > eval line 1 > eval, line 1: WEBGL_debug_renderer_info is deprecated in Firefox and will be removed. Please use RENDERER.
JavaScript warning: https://pagead2.googlesyndication.com/bg/cHXiv2Zk-prJL7FgPqrpMWRmFmfvuFMWFBKWE-bwhsU.js line 2 > eval line 2128 > eval line 1 > eval line 1 > eval, line 1: WEBGL_debug_renderer_info is deprecated in Firefox and will be removed. Please use RENDERER.
JavaScript warning: https://pagead2.googlesyndication.com/bg/cHXiv2Zk-prJL7FgPqrpMWRmFmfvuFMWFBKWE-bwhsU.js line 2 > eval line 4098 > eval line 1 > eval line 1 > eval, line 1: WEBGL_debug_renderer_info is deprecated in Firefox and will be removed. Please use RENDERER.
JavaScript warning: https://pagead2.googlesyndication.com/bg/cHXiv2Zk-prJL7FgPqrpMWRmFmfvuFMWFBKWE-bwhsU.js line 2 > eval line 4930 > eval line 1 > eval line 1 > eval, line 1: WEBGL_debug_renderer_info is deprecated in Firefox and will be removed. Please use RENDERER.
JavaScript warning: https://aka-cdn.adtechus.com/media/moat/adtechbrands092348fjlsmdhlwsl239fh3df/moatad.js#moatClientLevel1=5113&moatClientLevel2=374058&moatClientLevel3=0&moatClientLevel4=4831289&zMoatMaster=11137345&zMoatFlight=11170114&zMoatBanner=26888827&zURL=https&zMoatPlacementId=4831289&zMoatAdId=11170114&zMoatCreative=0&zMoatBannerID=2&zMoatCustomVisp=50&zMoatCustomVist=1000&zMoatIsAdvisGoal=0&zMoatEventUrl=https://12.ras.yahoo.com/adcount|2.0|5113.1|4831289|0|170|AdId=11170114;BnId=2;ct=162167756;st=6945;adcid=1;itime=666066543;reqtype=5;guid=f832uflibcger;;impref=16896660662174850835;imprefseq=205208460868988767;imprefts=1689666066;adclntid=1004;spaceid=159600001;adposition=LREC;lmsid=;revshare=lu%253A1;pvid=30705acc97faa8fc9c2c8ffb7cf77c27304242;sectionid=264840051;kvsecure%2Ddarla=3%2E51%2E0%7Cysd%7C2;kvsecure=true;kvmn=y401673;kvy%2Dbucket=selectall%5Framp%5F2%2Cicaffiliatedesktopcart1red%2Cnotificationsupsell%5Fcontrol%2Csamsclubon%2Cympemptymlt01%2Ccontrol%2Dcaas%2Dguid%2Dbucketing%2Ddev%2Cicaffiliatedealcategorycontrol;kvpgcolo=ap%2Dsoutheast%2D1;kvrs=lu:1;kvssp=ssp;kvadtc%5Fdvmktname=unknown;kvadtc%5Fdvosplt=os%5Fx:os%5Fx%5F10%5F15;kvadtc%5Fdvbrand=mozilla;kvadtc%5Fdvtype=desktop;kvadtc%5Fdvmodel=firefox%5F%2D%5Fos%5Fx;kvrepo%5Fdvosplt=os%5Fx;kvadtc%5Fdvosversion=10%2E15;kvadtc%5Fcrmcc=UNKNOWN;kvadtc%5Fcrmnc=UNKNOWN;gdpr=0;us_privacy=1YNN;gpp=DBABRg~BVoAACA;gpp_sid=9;&zMoatSize=170&zMoatSubNetID=1&zMoatisSelected=0&zMoatadServer=as-pg.ras.yahoo.com&zMoatadVisServer=&zMoatSamplingRate=5&zMoatliveTestCookie=&zMoatRefSeqId=f9CAHIADZLA&zMoatImpRefTs=1689666066&zMoatAlias=y401673&zMoatVert=&zMoatBannerInfo=498042404, line 265: WEBGL_debug_renderer_info is deprecated in Firefox and will be removed. Please use RENDERER.
JavaScript warning: https://aka-cdn.adtechus.com/media/moat/adtechbrands092348fjlsmdhlwsl239fh3df/moatad.js#moatClientLevel1=5113&moatClientLevel2=374058&moatClientLevel3=0&moatClientLevel4=4831290&zMoatMaster=11137345&zMoatFlight=11170250&zMoatBanner=26888828&zURL=https&zMoatPlacementId=4831290&zMoatAdId=11170250&zMoatCreative=0&zMoatBannerID=2&zMoatCustomVisp=50&zMoatCustomVist=1000&zMoatIsAdvisGoal=0&zMoatEventUrl=https://12.ras.yahoo.com/adcount|2.0|5113.1|4831290|0|170|AdId=11170250;BnId=2;ct=162167756;st=11366;adcid=1;itime=666066545;reqtype=5;guid=f832uflibcger;;impref=16896660662174850849;imprefseq=205208460868988770;imprefts=1689666066;adclntid=1004;spaceid=159600001;adposition=LREC4;lmsid=;revshare=lu%253A1;pvid=30705acc97faa8fc9c2c8ffb7cf77c27304242;sectionid=264840051;kvsecure%2Ddarla=3%2E51%2E0%7Cysd%7C2;kvsecure=true;kvmn=y401674;kvy%2Dbucket=selectall%5Framp%5F2%2Cicaffiliatedesktopcart1red%2Cnotificationsupsell%5Fcontrol%2Csamsclubon%2Cympemptymlt01%2Ccontrol%2Dcaas%2Dguid%2Dbucketing%2Ddev%2Cicaffiliatedealcategorycontrol;kvpgcolo=ap%2Dsoutheast%2D1;kvrs=lu:1;kvssp=ssp;kvadtc%5Fdvmktname=unknown;kvadtc%5Fdvosplt=os%5Fx:os%5Fx%5F10%5F15;kvadtc%5Fdvbrand=mozilla;kvadtc%5Fdvtype=desktop;kvadtc%5Fdvmodel=firefox%5F%2D%5Fos%5Fx;kvrepo%5Fdvosplt=os%5Fx;kvadtc%5Fdvosversion=10%2E15;kvadtc%5Fcrmcc=UNKNOWN;kvadtc%5Fcrmnc=UNKNOWN;gdpr=0;us_privacy=1YNN;gpp=DBABRg~BVoAACA;gpp_sid=9;&zMoatSize=170&zMoatSubNetID=1&zMoatisSelected=0&zMoatadServer=as-pg.ras.yahoo.com&zMoatadVisServer=&zMoatSamplingRate=5&zMoatliveTestCookie=&zMoatRefSeqId=i9CAHIADZLA&zMoatImpRefTs=1689666066&zMoatAlias=y401674&zMoatVert=&zMoatBannerInfo=498042430, line 265: WEBGL_debug_renderer_info is deprecated in Firefox and will be removed. Please use RENDERER.
JavaScript warning: https://pagead2.googlesyndication.com/bg/cHXiv2Zk-prJL7FgPqrpMWRmFmfvuFMWFBKWE-bwhsU.js line 2 > eval line 3507 > eval line 1 > eval line 1 > eval, line 1: WEBGL_debug_renderer_info is deprecated in Firefox and will be removed. Please use RENDERER.
JavaScript warning: https://cdn.js7k.com/ix/talon-1.0.40.js, line 1: WEBGL_debug_renderer_info is deprecated in Firefox and will be removed. Please use RENDERER.
JavaScript error: , line 0: TypeError: NetworkError when attempting to fetch resource.
JavaScript error: , line 0: TypeError: NetworkError when attempting to fetch resource.
JavaScript warning: https://pagead2.googlesyndication.com/bg/cHXiv2Zk-prJL7FgPqrpMWRmFmfvuFMWFBKWE-bwhsU.js line 2 > eval line 2961 > eval line 1 > eval line 1 > eval, line 1: WEBGL_debug_renderer_info is deprecated in Firefox and will be removed. Please use RENDERER.
JavaScript error: , line 0: TypeError: NetworkError when attempting to fetch resource.
JavaScript warning: https://cdn.js7k.com/ix/talon-1.0.40.js, line 1: WEBGL_debug_renderer_info is deprecated in Firefox and will be removed. Please use RENDERER.
JavaScript warning: https://pagead2.googlesyndication.com/bg/cHXiv2Zk-prJL7FgPqrpMWRmFmfvuFMWFBKWE-bwhsU.js line 2 > eval line 2540 > eval line 1 > eval line 1 > eval, line 1: WEBGL_debug_renderer_info is deprecated in Firefox and will be removed. Please use RENDERER.
JavaScript warning: https://pagead2.googlesyndication.com/bg/cHXiv2Zk-prJL7FgPqrpMWRmFmfvuFMWFBKWE-bwhsU.js line 2 > eval line 4754 > eval line 1 > eval line 1 > eval, line 1: WEBGL_debug_renderer_info is deprecated in Firefox and will be removed. Please use RENDERER.
JavaScript error: https://ui.tricentis.headspin.io/185.7dc325712cded259feb6.js, line 2: uncaught exception: [object Object]
2023-07-18 13:12:59.441 firefox-bin[52939:2149448] +[CATransaction synchronize] called within transaction
2023-07-18 13:12:59.887 firefox-bin[52939:2149448] +[CATransaction synchronize] called within transaction
1689666184677	Marionette	INFO	Stopped listening on port 50107
JavaScript warning: https://cdn.js7k.com/ix/talon-1.0.40.js, line 1: WEBGL_debug_renderer_info is deprecated in Firefox and will be removed. Please use RENDERER.
JavaScript warning: https://cdn.js7k.com/ix/talon-1.0.40.js, line 1: WEBGL_debug_renderer_info is deprecated in Firefox and will be removed. Please use RENDERER.
Exiting due to channel error.
Exiting due to channel error.
Exiting due to channel error.
Exiting due to channel error.
Exiting due to channel error.
Exiting due to channel error.
Exiting due to channel error.
Exiting due to channel error.
Exiting due to channel error.
1689666222684	geckodriver	INFO	Listening on 127.0.0.1:51271
1689666222696	mozrunner::runner	INFO	Running command: "/Applications/Firefox.app/Contents/MacOS/firefox-bin" "--marionette" "-foreground" "-no-remote" "-profile" "/var/folders/nh/qb4ylrhx37z_117qlgwl713m0000gn/T/rust_mozprofile5sxgeZ"
console.warn: services.settings: Ignoring preference override of remote settings server
console.warn: services.settings: Allow by setting MOZ_REMOTE_SETTINGS_DEVTOOLS=1 in the environment
1689666223430	Marionette	INFO	Marionette enabled
1689666223626	Marionette	INFO	Listening on port 51276
1689666224122	RemoteAgent	WARN	TLS certificate errors will be ignored for this session
JavaScript warning: https://s.yimg.com/wm/mbr/b7a1bab1cfd008815d28038ccc8d7ff18d76219c/bundle.js, line 2: WEBGL_debug_renderer_info is deprecated in Firefox and will be removed. Please use RENDERER.
JavaScript warning: https://s.yimg.com/wm/mbr/b7a1bab1cfd008815d28038ccc8d7ff18d76219c/bundle.js, line 2: WEBGL_debug_renderer_info is deprecated in Firefox and will be removed. Please use RENDERER.
console.warn: LoginRecipes: "Falling back to a synchronous message for: https://login.yahoo.com."
console.warn: LoginRecipes: "Falling back to a synchronous message for: https://login.yahoo.com."
JavaScript warning: https://s.yimg.com/wm/mbr/b7a1bab1cfd008815d28038ccc8d7ff18d76219c/bundle.js, line 2: WEBGL_debug_renderer_info is deprecated in Firefox and will be removed. Please use RENDERER.
JavaScript warning: https://s.yimg.com/wm/mbr/b7a1bab1cfd008815d28038ccc8d7ff18d76219c/bundle.js, line 2: WEBGL_debug_renderer_info is deprecated in Firefox and will be removed. Please use RENDERER.
console.warn: LoginRecipes: "Falling back to a synchronous message for: https://login.yahoo.com."
console.warn: LoginRecipes: "Falling back to a synchronous message for: https://login.yahoo.com."
JavaScript warning: https://aka-cdn.adtechus.com/media/moat/adtechbrands092348fjlsmdhlwsl239fh3df/moatad.js#moatClientLevel1=5113&moatClientLevel2=374058&moatClientLevel3=0&moatClientLevel4=4830399&zMoatMaster=11137345&zMoatFlight=11170213&zMoatBanner=26888824&zURL=https&zMoatPlacementId=4830399&zMoatAdId=11170213&zMoatCreative=0&zMoatBannerID=2&zMoatCustomVisp=50&zMoatCustomVist=1000&zMoatIsAdvisGoal=0&zMoatEventUrl=https://10.ras.yahoo.com/adcount|2.0|5113.1|4830399|0|170|AdId=11170213;BnId=2;ct=364139485;st=14231;adcid=1;itime=666268252;reqtype=5;guid=9479g91ibcglu;;impref=16896662682218824332;imprefseq=65594699167048986;imprefts=1689666268;adclntid=1004;spaceid=2023538075;adposition=LREC;lmsid=;revshare=lu%253A1%253Bpt%253Ahome%253Bsite%253Afp%253Bver%253Amegastrm;pvid=MJLMFjEwLjKSHTBIZLZCvmxlMTAzLgAAAAAVs7mq;sectionid=146750051;kvsecure%2Ddarla=4%2D11%2D1%7Cysd%7C1;kvsecure=true;kvmn=y406192;kvy%2Dbucket=mimicproviderlistv2%2Dcopy%2Cdrop%5Fheimdall%5Fhomepage%5Fcontrol%5Fbucket%2Cjarvisusfpdeskpredeol5ga01%2Cseamless;kvpgcolo=gq1;kvrs=lu:site:1:pt:megastrm:fp:ver:home;kvssp=ssp;kvadtc%5Fdvmktname=unknown;kvadtc%5Fdvosplt=os%5Fx:os%5Fx%5F10%5F15;kvadtc%5Fdvbrand=mozilla;kvadtc%5Fdvtype=desktop;kvadtc%5Fdvmodel=firefox%5F%2D%5Fos%5Fx;kvrepo%5Fdvosplt=os%5Fx;kvadtc%5Fdvosversion=10%2E15;kvadtc%5Fcrmcc=UNKNOWN;kvadtc%5Fcrmnc=UNKNOWN;gdpr=0;us_privacy=1YNN;&zMoatSize=170&zMoatSubNetID=1&zMoatisSelected=0&zMoatadServer=us-pg.ras.yahoo.com&zMoatadVisServer=&zMoatSamplingRate=5&zMoatliveTestCookie=&zMoatRefSeqId=aUCAHggCpDA&zMoatImpRefTs=1689666268&zMoatAlias=y406192&zMoatVert=&zMoatBannerInfo=498042364, line 265: WEBGL_debug_renderer_info is deprecated in Firefox and will be removed. Please use RENDERER.
JavaScript warning: https://aka-cdn.adtechus.com/media/moat/adtechbrands092348fjlsmdhlwsl239fh3df/moatad.js#moatClientLevel1=5113&moatClientLevel2=374058&moatClientLevel3=0&moatClientLevel4=4830441&zMoatMaster=11137345&zMoatFlight=11170160&zMoatBanner=26888929&zURL=https&zMoatPlacementId=4830441&zMoatAdId=11170160&zMoatCreative=0&zMoatBannerID=2&zMoatCustomVisp=50&zMoatCustomVist=1000&zMoatIsAdvisGoal=0&zMoatEventUrl=https://10.ras.yahoo.com/adcount|2.0|5113.1|4830441|0|225|AdId=11170160;BnId=2;ct=364139485;st=10794;adcid=1;itime=666268251;reqtype=5;guid=9479g91ibcglu;;impref=16896662682218824328;imprefseq=65594699167048983;imprefts=1689666268;adclntid=1004;spaceid=2023538075;adposition=LDRB;lmsid=;revshare=lu%253A1%253Bpt%253Ahome%253Bsite%253Afp%253Bver%253Amegastrm;pvid=MJLMFjEwLjKSHTBIZLZCvmxlMTAzLgAAAAAVs7mq;sectionid=146750051;kvsecure%2Ddarla=4%2D11%2D1%7Cysd%7C1;kvsecure=true;kvmn=y406191;kvy%2Dbucket=mimicproviderlistv2%2Dcopy%2Cdrop%5Fheimdall%5Fhomepage%5Fcontrol%5Fbucket%2Cjarvisusfpdeskpredeol5ga01%2Cseamless;kvpgcolo=gq1;kvrs=lu:site:1:pt:megastrm:fp:ver:home;kvssp=ssp;kvadtc%5Fdvmktname=unknown;kvadtc%5Fdvosplt=os%5Fx:os%5Fx%5F10%5F15;kvadtc%5Fdvbrand=mozilla;kvadtc%5Fdvtype=desktop;kvadtc%5Fdvmodel=firefox%5F%2D%5Fos%5Fx;kvrepo%5Fdvosplt=os%5Fx;kvadtc%5Fdvosversion=10%2E15;kvadtc%5Fcrmcc=UNKNOWN;kvadtc%5Fcrmnc=UNKNOWN;gdpr=0;us_privacy=1YNN;&zMoatSize=225&zMoatSubNetID=1&zMoatisSelected=0&zMoatadServer=us-pg.ras.yahoo.com&zMoatadVisServer=&zMoatSamplingRate=5&zMoatliveTestCookie=&zMoatRefSeqId=XUCAHggCpDA&zMoatImpRefTs=1689666268&zMoatAlias=y406191&zMoatVert=&zMoatBannerInfo=498042362, line 265: WEBGL_debug_renderer_info is deprecated in Firefox and will be removed. Please use RENDERER.
JavaScript warning: https://pagead2.googlesyndication.com/bg/cHXiv2Zk-prJL7FgPqrpMWRmFmfvuFMWFBKWE-bwhsU.js line 2 > eval line 2602 > eval line 1 > eval line 1 > eval, line 1: WEBGL_debug_renderer_info is deprecated in Firefox and will be removed. Please use RENDERER.
JavaScript warning: https://pagead2.googlesyndication.com/bg/cHXiv2Zk-prJL7FgPqrpMWRmFmfvuFMWFBKWE-bwhsU.js line 2 > eval line 6080 > eval line 1 > eval line 1 > eval, line 1: WEBGL_debug_renderer_info is deprecated in Firefox and will be removed. Please use RENDERER.
JavaScript warning: https://pagead2.googlesyndication.com/bg/cHXiv2Zk-prJL7FgPqrpMWRmFmfvuFMWFBKWE-bwhsU.js line 2 > eval line 5627 > eval line 1 > eval line 1 > eval, line 1: WEBGL_debug_renderer_info is deprecated in Firefox and will be removed. Please use RENDERER.
console.warn: LoginRecipes: "Falling back to a synchronous message for: https://www.yahoo.com."
JavaScript error: , line 0: TypeError: NetworkError when attempting to fetch resource.
JavaScript warning: https://cdn.js7k.com/ix/talon-1.0.40.js, line 1: WEBGL_debug_renderer_info is deprecated in Firefox and will be removed. Please use RENDERER.
JavaScript warning: https://cdn.js7k.com/ix/talon-1.0.40.js, line 1: WEBGL_debug_renderer_info is deprecated in Firefox and will be removed. Please use RENDERER.
JavaScript warning: https://aka-cdn.adtechus.com/media/moat/adtechbrands092348fjlsmdhlwsl239fh3df/moatad.js#moatClientLevel1=5113&moatClientLevel2=374058&moatClientLevel3=0&moatClientLevel4=4831289&zMoatMaster=11137345&zMoatFlight=11170114&zMoatBanner=26888827&zURL=https&zMoatPlacementId=4831289&zMoatAdId=11170114&zMoatCreative=0&zMoatBannerID=2&zMoatCustomVisp=50&zMoatCustomVist=1000&zMoatIsAdvisGoal=0&zMoatEventUrl=https://13.ras.yahoo.com/adcount|2.0|5113.1|4831289|0|170|AdId=11170114;BnId=2;ct=385685106;st=9988;adcid=1;itime=666289463;reqtype=5;guid=9479g91ibcglu;;impref=16896662892209344153;imprefseq=214498251791937690;imprefts=1689666289;adclntid=1004;spaceid=159600001;adposition=LREC;lmsid=;revshare=lu%253A1;pvid=27d3f24051ec45a0f7b113af01e8af2c613901;sectionid=264840051;kvsecure%2Ddarla=3%2E51%2E0%7Cysd%7C2;kvsecure=true;kvmn=y401673;kvy%2Dbucket=walmarton%2Cnotificationsupsell%5Fcontrol%2Cicaffiliatedesktopcart1control%2Cympemptymlt01%2Ccontrol%2Dcaas%2Dguid%2Dbucketing%2Ddev%2Cicaffiliatedealcategorycontrol;kvpgcolo=ap%2Dsoutheast%2D1;kvrs=lu:1;kvssp=ssp;kvadtc%5Fdvmktname=unknown;kvadtc%5Fdvosplt=os%5Fx:os%5Fx%5F10%5F15;kvadtc%5Fdvbrand=mozilla;kvadtc%5Fdvtype=desktop;kvadtc%5Fdvmodel=firefox%5F%2D%5Fos%5Fx;kvrepo%5Fdvosplt=os%5Fx;kvadtc%5Fdvosversion=10%2E15;kvadtc%5Fcrmcc=UNKNOWN;kvadtc%5Fcrmnc=UNKNOWN;gdpr=0;gpp=DBABRg~BVoAACA;gpp_sid=9;&zMoatSize=170&zMoatSubNetID=1&zMoatisSelected=0&zMoatadServer=as-pg.ras.yahoo.com&zMoatadVisServer=&zMoatSamplingRate=5&zMoatliveTestCookie=&zMoatRefSeqId=aCDAHYQD6LA&zMoatImpRefTs=1689666289&zMoatAlias=y401673&zMoatVert=&zMoatBannerInfo=498042404, line 265: WEBGL_debug_renderer_info is deprecated in Firefox and will be removed. Please use RENDERER.
JavaScript warning: https://aka-cdn.adtechus.com/media/moat/adtechbrands092348fjlsmdhlwsl239fh3df/moatad.js#moatClientLevel1=5113&moatClientLevel2=374058&moatClientLevel3=0&moatClientLevel4=4831290&zMoatMaster=11137345&zMoatFlight=11170250&zMoatBanner=26888828&zURL=https&zMoatPlacementId=4831290&zMoatAdId=11170250&zMoatCreative=0&zMoatBannerID=2&zMoatCustomVisp=50&zMoatCustomVist=1000&zMoatIsAdvisGoal=0&zMoatEventUrl=https://13.ras.yahoo.com/adcount|2.0|5113.1|4831290|0|170|AdId=11170250;BnId=2;ct=385685106;st=12609;adcid=1;itime=666289464;reqtype=5;guid=9479g91ibcglu;;impref=16896662892209344168;imprefseq=214498251791937693;imprefts=1689666289;adclntid=1004;spaceid=159600001;adposition=LREC4;lmsid=;revshare=lu%253A1;pvid=27d3f24051ec45a0f7b113af01e8af2c613901;sectionid=264840051;kvsecure%2Ddarla=3%2E51%2E0%7Cysd%7C2;kvsecure=true;kvmn=y401674;kvy%2Dbucket=walmarton%2Cnotificationsupsell%5Fcontrol%2Cicaffiliatedesktopcart1control%2Cympemptymlt01%2Ccontrol%2Dcaas%2Dguid%2Dbucketing%2Ddev%2Cicaffiliatedealcategorycontrol;kvpgcolo=ap%2Dsoutheast%2D1;kvrs=lu:1;kvssp=ssp;kvadtc%5Fdvmktname=unknown;kvadtc%5Fdvosplt=os%5Fx:os%5Fx%5F10%5F15;kvadtc%5Fdvbrand=mozilla;kvadtc%5Fdvtype=desktop;kvadtc%5Fdvmodel=firefox%5F%2D%5Fos%5Fx;kvrepo%5Fdvosplt=os%5Fx;kvadtc%5Fdvosversion=10%2E15;kvadtc%5Fcrmcc=UNKNOWN;kvadtc%5Fcrmnc=UNKNOWN;gdpr=0;gpp=DBABRg~BVoAACA;gpp_sid=9;&zMoatSize=170&zMoatSubNetID=1&zMoatisSelected=0&zMoatadServer=as-pg.ras.yahoo.com&zMoatadVisServer=&zMoatSamplingRate=5&zMoatliveTestCookie=&zMoatRefSeqId=dCDAHYQD6LA&zMoatImpRefTs=1689666289&zMoatAlias=y401674&zMoatVert=&zMoatBannerInfo=498042430, line 265: WEBGL_debug_renderer_info is deprecated in Firefox and will be removed. Please use RENDERER.
JavaScript warning: https://pagead2.googlesyndication.com/bg/cHXiv2Zk-prJL7FgPqrpMWRmFmfvuFMWFBKWE-bwhsU.js line 2 > eval line 669 > eval line 1 > eval line 1 > eval, line 1: WEBGL_debug_renderer_info is deprecated in Firefox and will be removed. Please use RENDERER.
JavaScript warning: https://pagead2.googlesyndication.com/bg/cHXiv2Zk-prJL7FgPqrpMWRmFmfvuFMWFBKWE-bwhsU.js line 2 > eval line 2108 > eval line 1 > eval line 1 > eval, line 1: WEBGL_debug_renderer_info is deprecated in Firefox and will be removed. Please use RENDERER.
JavaScript warning: https://pagead2.googlesyndication.com/bg/cHXiv2Zk-prJL7FgPqrpMWRmFmfvuFMWFBKWE-bwhsU.js line 2 > eval line 85 > eval line 1 > eval line 1 > eval, line 1: WEBGL_debug_renderer_info is deprecated in Firefox and will be removed. Please use RENDERER.
JavaScript warning: https://aka-cdn.adtechus.com/media/moat/adtechbrands092348fjlsmdhlwsl239fh3df/moatad.js#moatClientLevel1=5113&moatClientLevel2=374058&moatClientLevel3=0&moatClientLevel4=4831290&zMoatMaster=11137345&zMoatFlight=11170250&zMoatBanner=26888828&zURL=https&zMoatPlacementId=4831290&zMoatAdId=11170250&zMoatCreative=0&zMoatBannerID=2&zMoatCustomVisp=50&zMoatCustomVist=1000&zMoatIsAdvisGoal=0&zMoatEventUrl=https://13.ras.yahoo.com/adcount|2.0|5113.1|4831290|0|170|AdId=11170250;BnId=2;ct=385685106;st=12609;adcid=1;itime=666289464;reqtype=5;guid=9479g91ibcglu;;impref=16896662892209344168;imprefseq=214498251791937693;imprefts=1689666289;adclntid=1004;spaceid=159600001;adposition=LREC4;lmsid=;revshare=lu%253A1;pvid=27d3f24051ec45a0f7b113af01e8af2c613901;sectionid=264840051;kvsecure%2Ddarla=3%2E51%2E0%7Cysd%7C2;kvsecure=true;kvmn=y401674;kvy%2Dbucket=walmarton%2Cnotificationsupsell%5Fcontrol%2Cicaffiliatedesktopcart1control%2Cympemptymlt01%2Ccontrol%2Dcaas%2Dguid%2Dbucketing%2Ddev%2Cicaffiliatedealcategorycontrol;kvpgcolo=ap%2Dsoutheast%2D1;kvrs=lu:1;kvssp=ssp;kvadtc%5Fdvmktname=unknown;kvadtc%5Fdvosplt=os%5Fx:os%5Fx%5F10%5F15;kvadtc%5Fdvbrand=mozilla;kvadtc%5Fdvtype=desktop;kvadtc%5Fdvmodel=firefox%5F%2D%5Fos%5Fx;kvrepo%5Fdvosplt=os%5Fx;kvadtc%5Fdvosversion=10%2E15;kvadtc%5Fcrmcc=UNKNOWN;kvadtc%5Fcrmnc=UNKNOWN;gdpr=0;gpp=DBABRg~BVoAACA;gpp_sid=9;&zMoatSize=170&zMoatSubNetID=1&zMoatisSelected=0&zMoatadServer=as-pg.ras.yahoo.com&zMoatadVisServer=&zMoatSamplingRate=5&zMoatliveTestCookie=&zMoatRefSeqId=dCDAHYQD6LA&zMoatImpRefTs=1689666289&zMoatAlias=y401674&zMoatVert=&zMoatBannerInfo=498042430, line 265: WEBGL_debug_renderer_info is deprecated in Firefox and will be removed. Please use RENDERER.
JavaScript warning: https://aka-cdn.adtechus.com/media/moat/adtechbrands092348fjlsmdhlwsl239fh3df/moatad.js#moatClientLevel1=5113&moatClientLevel2=374058&moatClientLevel3=0&moatClientLevel4=4831290&zMoatMaster=11137345&zMoatFlight=11170250&zMoatBanner=26888828&zURL=https&zMoatPlacementId=4831290&zMoatAdId=11170250&zMoatCreative=0&zMoatBannerID=2&zMoatCustomVisp=50&zMoatCustomVist=1000&zMoatIsAdvisGoal=0&zMoatEventUrl=https://13.ras.yahoo.com/adcount|2.0|5113.1|4831290|0|170|AdId=11170250;BnId=2;ct=385685106;st=12609;adcid=1;itime=666289464;reqtype=5;guid=9479g91ibcglu;;impref=16896662892209344168;imprefseq=214498251791937693;imprefts=1689666289;adclntid=1004;spaceid=159600001;adposition=LREC4;lmsid=;revshare=lu%253A1;pvid=27d3f24051ec45a0f7b113af01e8af2c613901;sectionid=264840051;kvsecure%2Ddarla=3%2E51%2E0%7Cysd%7C2;kvsecure=true;kvmn=y401674;kvy%2Dbucket=walmarton%2Cnotificationsupsell%5Fcontrol%2Cicaffiliatedesktopcart1control%2Cympemptymlt01%2Ccontrol%2Dcaas%2Dguid%2Dbucketing%2Ddev%2Cicaffiliatedealcategorycontrol;kvpgcolo=ap%2Dsoutheast%2D1;kvrs=lu:1;kvssp=ssp;kvadtc%5Fdvmktname=unknown;kvadtc%5Fdvosplt=os%5Fx:os%5Fx%5F10%5F15;kvadtc%5Fdvbrand=mozilla;kvadtc%5Fdvtype=desktop;kvadtc%5Fdvmodel=firefox%5F%2D%5Fos%5Fx;kvrepo%5Fdvosplt=os%5Fx;kvadtc%5Fdvosversion=10%2E15;kvadtc%5Fcrmcc=UNKNOWN;kvadtc%5Fcrmnc=UNKNOWN;gdpr=0;gpp=DBABRg~BVoAACA;gpp_sid=9;&zMoatSize=170&zMoatSubNetID=1&zMoatisSelected=0&zMoatadServer=as-pg.ras.yahoo.com&zMoatadVisServer=&zMoatSamplingRate=5&zMoatliveTestCookie=&zMoatRefSeqId=dCDAHYQD6LA&zMoatImpRefTs=1689666289&zMoatAlias=y401674&zMoatVert=&zMoatBannerInfo=498042430, line 265: WEBGL_debug_renderer_info is deprecated in Firefox and will be removed. Please use RENDERER.
JavaScript warning: https://cdn.js7k.com/ix/talon-1.0.40.js, line 1: WEBGL_debug_renderer_info is deprecated in Firefox and will be removed. Please use RENDERER.
JavaScript warning: https://cdn.js7k.com/ix/talon-1.0.40.js, line 1: WEBGL_debug_renderer_info is deprecated in Firefox and will be removed. Please use RENDERER.
JavaScript error: , line 0: TypeError: NetworkError when attempting to fetch resource.
JavaScript warning: https://pagead2.googlesyndication.com/bg/cHXiv2Zk-prJL7FgPqrpMWRmFmfvuFMWFBKWE-bwhsU.js line 2 > eval line 5665 > eval line 1 > eval line 1 > eval, line 1: WEBGL_debug_renderer_info is deprecated in Firefox and will be removed. Please use RENDERER.
JavaScript warning: https://pagead2.googlesyndication.com/bg/cHXiv2Zk-prJL7FgPqrpMWRmFmfvuFMWFBKWE-bwhsU.js line 2 > eval line 6767 > eval line 1 > eval line 1 > eval, line 1: WEBGL_debug_renderer_info is deprecated in Firefox and will be removed. Please use RENDERER.
JavaScript warning: https://pagead2.googlesyndication.com/bg/cHXiv2Zk-prJL7FgPqrpMWRmFmfvuFMWFBKWE-bwhsU.js line 2 > eval line 4903 > eval line 1 > eval line 1 > eval, line 1: WEBGL_debug_renderer_info is deprecated in Firefox and will be removed. Please use RENDERER.
JavaScript error: , line 0: TypeError: NetworkError when attempting to fetch resource.
JavaScript warning: https://cdn.js7k.com/ix/talon-1.0.40.js, line 1: WEBGL_debug_renderer_info is deprecated in Firefox and will be removed. Please use RENDERER.
JavaScript warning: https://pagead2.googlesyndication.com/bg/cHXiv2Zk-prJL7FgPqrpMWRmFmfvuFMWFBKWE-bwhsU.js line 2 > eval line 3239 > eval line 1 > eval line 1 > eval, line 1: WEBGL_debug_renderer_info is deprecated in Firefox and will be removed. Please use RENDERER.
JavaScript error: https://ui.tricentis.headspin.io/185.7dc325712cded259feb6.js, line 2: uncaught exception: [object Object]
1689666410166	Marionette	INFO	Stopped listening on port 51276
JavaScript error: , line 0: TypeError: NetworkError when attempting to fetch resource.
JavaScript warning: https://cdn.js7k.com/ix/talon-1.0.40.js, line 1: WEBGL_debug_renderer_info is deprecated in Firefox and will be removed. Please use RENDERER.
JavaScript warning: https://cdn.js7k.com/ix/talon-1.0.40.js, line 1: WEBGL_debug_renderer_info is deprecated in Firefox and will be removed. Please use RENDERER.
1689667682579	geckodriver	INFO	Listening on 127.0.0.1:57445
1689667683590	mozrunner::runner	INFO	Running command: "/Applications/Firefox.app/Contents/MacOS/firefox-bin" "--marionette" "-foreground" "-no-remote" "-profile" "/var/folders/nh/qb4ylrhx37z_117qlgwl713m0000gn/T/rust_mozprofileO1FPdX"
console.warn: services.settings: Ignoring preference override of remote settings server
console.warn: services.settings: Allow by setting MOZ_REMOTE_SETTINGS_DEVTOOLS=1 in the environment
1689667684488	Marionette	INFO	Marionette enabled
1689667684843	Marionette	INFO	Listening on port 57456
1689667685823	RemoteAgent	WARN	TLS certificate errors will be ignored for this session
JavaScript warning: https://s.yimg.com/wm/mbr/b7a1bab1cfd008815d28038ccc8d7ff18d76219c/bundle.js, line 2: WEBGL_debug_renderer_info is deprecated in Firefox and will be removed. Please use RENDERER.
JavaScript warning: https://s.yimg.com/wm/mbr/b7a1bab1cfd008815d28038ccc8d7ff18d76219c/bundle.js, line 2: WEBGL_debug_renderer_info is deprecated in Firefox and will be removed. Please use RENDERER.
console.warn: LoginRecipes: "Falling back to a synchronous message for: https://login.yahoo.com."
console.warn: LoginRecipes: "Falling back to a synchronous message for: https://login.yahoo.com."
JavaScript warning: https://s.yimg.com/wm/mbr/b7a1bab1cfd008815d28038ccc8d7ff18d76219c/bundle.js, line 2: WEBGL_debug_renderer_info is deprecated in Firefox and will be removed. Please use RENDERER.
JavaScript warning: https://s.yimg.com/wm/mbr/b7a1bab1cfd008815d28038ccc8d7ff18d76219c/bundle.js, line 2: WEBGL_debug_renderer_info is deprecated in Firefox and will be removed. Please use RENDERER.
console.warn: LoginRecipes: "Falling back to a synchronous message for: https://login.yahoo.com."
console.warn: LoginRecipes: "Falling back to a synchronous message for: https://login.yahoo.com."
JavaScript warning: https://aka-cdn.adtechus.com/media/moat/adtechbrands092348fjlsmdhlwsl239fh3df/moatad.js#moatClientLevel1=5113&moatClientLevel2=374058&moatClientLevel3=0&moatClientLevel4=4830399&zMoatMaster=11137345&zMoatFlight=11170213&zMoatBanner=26888824&zURL=https&zMoatPlacementId=4830399&zMoatAdId=11170213&zMoatCreative=0&zMoatBannerID=2&zMoatCustomVisp=50&zMoatCustomVist=1000&zMoatIsAdvisGoal=0&zMoatEventUrl=https://10.ras.yahoo.com/adcount|2.0|5113.1|4830399|0|170|AdId=11170213;BnId=2;ct=1826141323;st=13966;adcid=1;itime=667730473;reqtype=5;guid=3m16uq1ibci3k;;impref=16896677309125353;imprefseq=99371666324329898;imprefts=1689667730;adclntid=1004;spaceid=2023538075;adposition=LREC;lmsid=;revshare=lu%253A1%253Bpt%253Ahome%253Bsite%253Afp%253Bver%253Amegastrm;pvid=BHT32zEwLjI7BN7QZLZIdCK8MTAzLgAAAABs2Djw;sectionid=146750051;kvsecure%2Ddarla=4%2D11%2D1%7Cysd%7C1;kvsecure=true;kvmn=y406192;kvy%2Dbucket=mimicproviderlistv2%2Dcopy%2Cfpdevrgreentest%2Csend%5Fheimdall%5Fhomepage%5Fbucket%2Cjarvisusfpdeskpredeol5ga00%2Cseamless;kvpgcolo=gq1;kvrs=lu:site:1:pt:megastrm:fp:ver:home;kvssp=ssp;kvadtc%5Fdvmktname=unknown;kvadtc%5Fdvosplt=os%5Fx:os%5Fx%5F10%5F15;kvadtc%5Fdvbrand=mozilla;kvadtc%5Fdvtype=desktop;kvadtc%5Fdvmodel=firefox%5F%2D%5Fos%5Fx;kvrepo%5Fdvosplt=os%5Fx;kvadtc%5Fdvosversion=10%2E15;kvadtc%5Fcrmcc=UNKNOWN;kvadtc%5Fcrmnc=UNKNOWN;gdpr=0;us_privacy=1YNN;&zMoatSize=170&zMoatSubNetID=1&zMoatisSelected=0&zMoatadServer=us-pg.ras.yahoo.com&zMoatadVisServer=&zMoatSamplingRate=5&zMoatliveTestCookie=&zMoatRefSeqId=qWBAIEgChFA&zMoatImpRefTs=1689667730&zMoatAlias=y406192&zMoatVert=&zMoatBannerInfo=498042364, line 265: WEBGL_debug_renderer_info is deprecated in Firefox and will be removed. Please use RENDERER.
JavaScript warning: https://aka-cdn.adtechus.com/media/moat/adtechbrands092348fjlsmdhlwsl239fh3df/moatad.js#moatClientLevel1=5113&moatClientLevel2=374058&moatClientLevel3=0&moatClientLevel4=4830441&zMoatMaster=11137345&zMoatFlight=11170160&zMoatBanner=26888929&zURL=https&zMoatPlacementId=4830441&zMoatAdId=11170160&zMoatCreative=0&zMoatBannerID=2&zMoatCustomVisp=50&zMoatCustomVist=1000&zMoatIsAdvisGoal=0&zMoatEventUrl=https://10.ras.yahoo.com/adcount|2.0|5113.1|4830441|0|225|AdId=11170160;BnId=2;ct=1826141323;st=10375;adcid=1;itime=667730470;reqtype=5;guid=3m16uq1ibci3k;;impref=16896677309125348;imprefseq=99371666324329895;imprefts=1689667730;adclntid=1004;spaceid=2023538075;adposition=LDRB;lmsid=;revshare=lu%253A1%253Bpt%253Ahome%253Bsite%253Afp%253Bver%253Amegastrm;pvid=BHT32zEwLjI7BN7QZLZIdCK8MTAzLgAAAABs2Djw;sectionid=146750051;kvsecure%2Ddarla=4%2D11%2D1%7Cysd%7C1;kvsecure=true;kvmn=y406191;kvy%2Dbucket=mimicproviderlistv2%2Dcopy%2Cfpdevrgreentest%2Csend%5Fheimdall%5Fhomepage%5Fbucket%2Cjarvisusfpdeskpredeol5ga00%2Cseamless;kvpgcolo=gq1;kvrs=lu:site:1:pt:megastrm:fp:ver:home;kvssp=ssp;kvadtc%5Fdvmktname=unknown;kvadtc%5Fdvosplt=os%5Fx:os%5Fx%5F10%5F15;kvadtc%5Fdvbrand=mozilla;kvadtc%5Fdvtype=desktop;kvadtc%5Fdvmodel=firefox%5F%2D%5Fos%5Fx;kvrepo%5Fdvosplt=os%5Fx;kvadtc%5Fdvosversion=10%2E15;kvadtc%5Fcrmcc=UNKNOWN;kvadtc%5Fcrmnc=UNKNOWN;gdpr=0;us_privacy=1YNN;&zMoatSize=225&zMoatSubNetID=1&zMoatisSelected=0&zMoatadServer=us-pg.ras.yahoo.com&zMoatadVisServer=&zMoatSamplingRate=5&zMoatliveTestCookie=&zMoatRefSeqId=nWBAIEgChFA&zMoatImpRefTs=1689667730&zMoatAlias=y406191&zMoatVert=&zMoatBannerInfo=498042362, line 265: WEBGL_debug_renderer_info is deprecated in Firefox and will be removed. Please use RENDERER.
JavaScript warning: https://z.moatads.com/px2/client.js, line 44: WEBGL_debug_renderer_info is deprecated in Firefox and will be removed. Please use RENDERER.
JavaScript warning: https://z.moatads.com/px2/client.js, line 56: WEBGL_debug_renderer_info is deprecated in Firefox and will be removed. Please use RENDERER.
JavaScript warning: https://z.moatads.com/px2/client.js, line 44: WEBGL_debug_renderer_info is deprecated in Firefox and will be removed. Please use RENDERER.
JavaScript warning: https://z.moatads.com/px2/client.js, line 56: WEBGL_debug_renderer_info is deprecated in Firefox and will be removed. Please use RENDERER.
JavaScript warning: https://pagead2.googlesyndication.com/bg/cHXiv2Zk-prJL7FgPqrpMWRmFmfvuFMWFBKWE-bwhsU.js line 2 > eval line 7156 > eval line 1 > eval line 1 > eval, line 1: WEBGL_debug_renderer_info is deprecated in Firefox and will be removed. Please use RENDERER.
JavaScript warning: https://pagead2.googlesyndication.com/bg/cHXiv2Zk-prJL7FgPqrpMWRmFmfvuFMWFBKWE-bwhsU.js line 2 > eval line 6646 > eval line 1 > eval line 1 > eval, line 1: WEBGL_debug_renderer_info is deprecated in Firefox and will be removed. Please use RENDERER.
console.warn: LoginRecipes: "Falling back to a synchronous message for: https://www.yahoo.com."
JavaScript error: , line 0: TypeError: NetworkError when attempting to fetch resource.
JavaScript warning: https://cdn.js7k.com/ix/talon-1.0.40.js, line 1: WEBGL_debug_renderer_info is deprecated in Firefox and will be removed. Please use RENDERER.
JavaScript warning: https://cdn.js7k.com/ix/talon-1.0.40.js, line 1: WEBGL_debug_renderer_info is deprecated in Firefox and will be removed. Please use RENDERER.
JavaScript warning: https://cdn.js7k.com/ix/talon-1.0.40.js, line 1: WEBGL_debug_renderer_info is deprecated in Firefox and will be removed. Please use RENDERER.
JavaScript error: , line 0: TypeError: NetworkError when attempting to fetch resource.
JavaScript warning: https://aka-cdn.adtechus.com/media/moat/adtechbrands092348fjlsmdhlwsl239fh3df/moatad.js#moatClientLevel1=5113&moatClientLevel2=374058&moatClientLevel3=0&moatClientLevel4=4831289&zMoatMaster=11137345&zMoatFlight=11170114&zMoatBanner=26888827&zURL=https&zMoatPlacementId=4831289&zMoatAdId=11170114&zMoatCreative=0&zMoatBannerID=2&zMoatCustomVisp=50&zMoatCustomVist=1000&zMoatIsAdvisGoal=0&zMoatEventUrl=https://12.ras.yahoo.com/adcount|2.0|5113.1|4831289|0|170|AdId=11170114;BnId=2;ct=1847952986;st=18310;adcid=1;itime=667752658;reqtype=5;guid=3m16uq1ibci3k;;impref=168966775227395570;imprefseq=203801090297170331;imprefts=1689667752;adclntid=1004;spaceid=159600001;adposition=LREC;lmsid=;revshare=lu%253A1;pvid=284649907c89b878b65e00ced63bd0fbf43913;sectionid=264840051;kvsecure%2Ddarla=3%2E51%2E0%7Cysd%7C2;kvsecure=true;kvmn=y401673;kvy%2Dbucket=selectall%5Framp%5F2%2Cicaffiliatesendhash%2Cnotificationsupsell%5Fcontrol%2Csamsclubon%2Cympemptymlt01%2Ccontrol%2Dcaas%2Dguid%2Dbucketing%2Ddev%2Cicaffiliatedealcategorycontrol;kvpgcolo=ap%2Dsoutheast%2D1;kvrs=lu:1;kvssp=ssp;kvadtc%5Fdvmktname=unknown;kvadtc%5Fdvosplt=os%5Fx:os%5Fx%5F10%5F15;kvadtc%5Fdvbrand=mozilla;kvadtc%5Fdvtype=desktop;kvadtc%5Fdvmodel=firefox%5F%2D%5Fos%5Fx;kvrepo%5Fdvosplt=os%5Fx;kvadtc%5Fdvosversion=10%2E15;kvadtc%5Fcrmcc=UNKNOWN;kvadtc%5Fcrmnc=UNKNOWN;gdpr=0;gpp=DBABRg~BVoAACA;gpp_sid=9;&zMoatSize=170&zMoatSubNetID=1&zMoatisSelected=0&zMoatadServer=as-pg.ras.yahoo.com&zMoatadVisServer=&zMoatSamplingRate=5&zMoatliveTestCookie=&zMoatRefSeqId=bmAAIMADULA&zMoatImpRefTs=1689667752&zMoatAlias=y401673&zMoatVert=&zMoatBannerInfo=498042404, line 265: WEBGL_debug_renderer_info is deprecated in Firefox and will be removed. Please use RENDERER.
JavaScript warning: https://aka-cdn.adtechus.com/media/moat/adtechbrands092348fjlsmdhlwsl239fh3df/moatad.js#moatClientLevel1=5113&moatClientLevel2=374058&moatClientLevel3=0&moatClientLevel4=4831290&zMoatMaster=11137345&zMoatFlight=11170250&zMoatBanner=26888828&zURL=https&zMoatPlacementId=4831290&zMoatAdId=11170250&zMoatCreative=0&zMoatBannerID=2&zMoatCustomVisp=50&zMoatCustomVist=1000&zMoatIsAdvisGoal=0&zMoatEventUrl=https://12.ras.yahoo.com/adcount|2.0|5113.1|4831290|0|170|AdId=11170250;BnId=2;ct=1847952986;st=22672;adcid=1;itime=667752663;reqtype=5;guid=3m16uq1ibci3k;;impref=168966775227395619;imprefseq=203801090297170334;imprefts=1689667752;adclntid=1004;spaceid=159600001;adposition=LREC4;lmsid=;revshare=lu%253A1;pvid=284649907c89b878b65e00ced63bd0fbf43913;sectionid=264840051;kvsecure%2Ddarla=3%2E51%2E0%7Cysd%7C2;kvsecure=true;kvmn=y401674;kvy%2Dbucket=selectall%5Framp%5F2%2Cicaffiliatesendhash%2Cnotificationsupsell%5Fcontrol%2Csamsclubon%2Cympemptymlt01%2Ccontrol%2Dcaas%2Dguid%2Dbucketing%2Ddev%2Cicaffiliatedealcategorycontrol;kvpgcolo=ap%2Dsoutheast%2D1;kvrs=lu:1;kvssp=ssp;kvadtc%5Fdvmktname=unknown;kvadtc%5Fdvosplt=os%5Fx:os%5Fx%5F10%5F15;kvadtc%5Fdvbrand=mozilla;kvadtc%5Fdvtype=desktop;kvadtc%5Fdvmodel=firefox%5F%2D%5Fos%5Fx;kvrepo%5Fdvosplt=os%5Fx;kvadtc%5Fdvosversion=10%2E15;kvadtc%5Fcrmcc=UNKNOWN;kvadtc%5Fcrmnc=UNKNOWN;gdpr=0;gpp=DBABRg~BVoAACA;gpp_sid=9;&zMoatSize=170&zMoatSubNetID=1&zMoatisSelected=0&zMoatadServer=as-pg.ras.yahoo.com&zMoatadVisServer=&zMoatSamplingRate=5&zMoatliveTestCookie=&zMoatRefSeqId=emAAIMADULA&zMoatImpRefTs=1689667752&zMoatAlias=y401674&zMoatVert=&zMoatBannerInfo=498042430, line 265: WEBGL_debug_renderer_info is deprecated in Firefox and will be removed. Please use RENDERER.
JavaScript warning: https://pagead2.googlesyndication.com/bg/cHXiv2Zk-prJL7FgPqrpMWRmFmfvuFMWFBKWE-bwhsU.js line 2 > eval line 1513 > eval line 1 > eval line 1 > eval, line 1: WEBGL_debug_renderer_info is deprecated in Firefox and will be removed. Please use RENDERER.
JavaScript warning: https://pagead2.googlesyndication.com/bg/cHXiv2Zk-prJL7FgPqrpMWRmFmfvuFMWFBKWE-bwhsU.js line 2 > eval line 3543 > eval line 1 > eval line 1 > eval, line 1: WEBGL_debug_renderer_info is deprecated in Firefox and will be removed. Please use RENDERER.
JavaScript warning: https://pagead2.googlesyndication.com/bg/cHXiv2Zk-prJL7FgPqrpMWRmFmfvuFMWFBKWE-bwhsU.js line 2 > eval line 5812 > eval line 1 > eval line 1 > eval, line 1: WEBGL_debug_renderer_info is deprecated in Firefox and will be removed. Please use RENDERER.
JavaScript warning: https://aka-cdn.adtechus.com/media/moat/adtechbrands092348fjlsmdhlwsl239fh3df/moatad.js#moatClientLevel1=5113&moatClientLevel2=374058&moatClientLevel3=0&moatClientLevel4=4831289&zMoatMaster=11137345&zMoatFlight=11170114&zMoatBanner=26888827&zURL=https&zMoatPlacementId=4831289&zMoatAdId=11170114&zMoatCreative=0&zMoatBannerID=2&zMoatCustomVisp=50&zMoatCustomVist=1000&zMoatIsAdvisGoal=0&zMoatEventUrl=https://13.ras.yahoo.com/adcount|2.0|5113.1|4831289|0|170|AdId=11170114;BnId=2;ct=1851003344;st=8039;adcid=1;itime=667755118;reqtype=5;guid=3m16uq1ibci3k;;impref=168966775535800351;imprefseq=188039595407968785;imprefts=1689667755;adclntid=1004;spaceid=159600001;adposition=LREC;lmsid=;revshare=lu%253A1;pvid=300bb3d9431742c2078f7b0c37b3d4f16b4235;sectionid=264840051;kvsecure%2Ddarla=3%2E51%2E0%7Cysd%7C2;kvsecure=true;kvmn=y401673;kvy%2Dbucket=selectall%5Framp%5F2%2Cicaffiliatesendhash%2Cnotificationsupsell%5Fcontrol%2Csamsclubon%2Cympemptymlt01%2Ccontrol%2Dcaas%2Dguid%2Dbucketing%2Ddev%2Cicaffiliatedealcategorycontrol;kvpgcolo=ap%2Dsoutheast%2D1;kvrs=lu:1;kvssp=ssp;kvadtc%5Fdvmktname=unknown;kvadtc%5Fdvosplt=os%5Fx:os%5Fx%5F10%5F15;kvadtc%5Fdvbrand=mozilla;kvadtc%5Fdvtype=desktop;kvadtc%5Fdvmodel=firefox%5F%2D%5Fos%5Fx;kvrepo%5Fdvosplt=os%5Fx;kvadtc%5Fdvosversion=10%2E15;kvadtc%5Fcrmcc=UNKNOWN;kvadtc%5Fcrmnc=UNKNOWN;gdpr=0;us_privacy=1YNN;gpp=DBABRg~BVoAACA;gpp_sid=9;&zMoatSize=170&zMoatSubNetID=1&zMoatisSelected=0&zMoatadServer=as-pg.ras.yahoo.com&zMoatadVisServer=&zMoatSamplingRate=5&zMoatliveTestCookie=&zMoatRefSeqId=RoAAIQQDcKA&zMoatImpRefTs=1689667755&zMoatAlias=y401673&zMoatVert=&zMoatBannerInfo=498042404, line 265: WEBGL_debug_renderer_info is deprecated in Firefox and will be removed. Please use RENDERER.
JavaScript warning: https://aka-cdn.adtechus.com/media/moat/adtechbrands092348fjlsmdhlwsl239fh3df/moatad.js#moatClientLevel1=5113&moatClientLevel2=374058&moatClientLevel3=0&moatClientLevel4=4831290&zMoatMaster=11137345&zMoatFlight=11170250&zMoatBanner=26888828&zURL=https&zMoatPlacementId=4831290&zMoatAdId=11170250&zMoatCreative=0&zMoatBannerID=2&zMoatCustomVisp=50&zMoatCustomVist=1000&zMoatIsAdvisGoal=0&zMoatEventUrl=https://13.ras.yahoo.com/adcount|2.0|5113.1|4831290|0|170|AdId=11170250;BnId=2;ct=1851003344;st=10659;adcid=1;itime=667755123;reqtype=5;guid=3m16uq1ibci3k;;impref=168966775535800386;imprefseq=188039595407968788;imprefts=1689667755;adclntid=1004;spaceid=159600001;adposition=LREC4;lmsid=;revshare=lu%253A1;pvid=300bb3d9431742c2078f7b0c37b3d4f16b4235;sectionid=264840051;kvsecure%2Ddarla=3%2E51%2E0%7Cysd%7C2;kvsecure=true;kvmn=y401674;kvy%2Dbucket=selectall%5Framp%5F2%2Cicaffiliatesendhash%2Cnotificationsupsell%5Fcontrol%2Csamsclubon%2Cympemptymlt01%2Ccontrol%2Dcaas%2Dguid%2Dbucketing%2Ddev%2Cicaffiliatedealcategorycontrol;kvpgcolo=ap%2Dsoutheast%2D1;kvrs=lu:1;kvssp=ssp;kvadtc%5Fdvmktname=unknown;kvadtc%5Fdvosplt=os%5Fx:os%5Fx%5F10%5F15;kvadtc%5Fdvbrand=mozilla;kvadtc%5Fdvtype=desktop;kvadtc%5Fdvmodel=firefox%5F%2D%5Fos%5Fx;kvrepo%5Fdvosplt=os%5Fx;kvadtc%5Fdvosversion=10%2E15;kvadtc%5Fcrmcc=UNKNOWN;kvadtc%5Fcrmnc=UNKNOWN;gdpr=0;us_privacy=1YNN;gpp=DBABRg~BVoAACA;gpp_sid=9;&zMoatSize=170&zMoatSubNetID=1&zMoatisSelected=0&zMoatadServer=as-pg.ras.yahoo.com&zMoatadVisServer=&zMoatSamplingRate=5&zMoatliveTestCookie=&zMoatRefSeqId=UoAAIQQDcKA&zMoatImpRefTs=1689667755&zMoatAlias=y401674&zMoatVert=&zMoatBannerInfo=498042430, line 265: WEBGL_debug_renderer_info is deprecated in Firefox and will be removed. Please use RENDERER.
JavaScript warning: https://cdn.js7k.com/ix/talon-1.0.40.js, line 1: WEBGL_debug_renderer_info is deprecated in Firefox and will be removed. Please use RENDERER.
JavaScript warning: https://cdn.js7k.com/ix/talon-1.0.40.js, line 1: WEBGL_debug_renderer_info is deprecated in Firefox and will be removed. Please use RENDERER.
JavaScript error: , line 0: TypeError: NetworkError when attempting to fetch resource.
JavaScript warning: https://pagead2.googlesyndication.com/bg/cHXiv2Zk-prJL7FgPqrpMWRmFmfvuFMWFBKWE-bwhsU.js line 2 > eval line 392 > eval line 1 > eval line 1 > eval, line 1: WEBGL_debug_renderer_info is deprecated in Firefox and will be removed. Please use RENDERER.
JavaScript warning: https://cdn.js7k.com/ix/talon-1.0.40.js, line 1: WEBGL_debug_renderer_info is deprecated in Firefox and will be removed. Please use RENDERER.
JavaScript warning: https://cdn.js7k.com/ix/talon-1.0.40.js, line 1: WEBGL_debug_renderer_info is deprecated in Firefox and will be removed. Please use RENDERER.
JavaScript error: , line 0: TypeError: NetworkError when attempting to fetch resource.
JavaScript error: https://ui.tricentis.headspin.io/185.7dc325712cded259feb6.js, line 2: uncaught exception: [object Object]
1689667872622	Marionette	INFO	Stopped listening on port 57456
JavaScript error: , line 0: TypeError: NetworkError when attempting to fetch resource.
JavaScript warning: https://cdn.js7k.com/ix/talon-1.0.40.js, line 1: WEBGL_debug_renderer_info is deprecated in Firefox and will be removed. Please use RENDERER.
JavaScript warning: https://cdn.js7k.com/ix/talon-1.0.40.js, line 1: WEBGL_debug_renderer_info is deprecated in Firefox and will be removed. Please use RENDERER.
1689668152409	geckodriver	INFO	Listening on 127.0.0.1:59684
1689668153433	mozrunner::runner	INFO	Running command: "/Applications/Firefox.app/Contents/MacOS/firefox-bin" "--marionette" "-foreground" "-no-remote" "-profile" "/var/folders/nh/qb4ylrhx37z_117qlgwl713m0000gn/T/rust_mozprofile7F6Akx"
console.warn: services.settings: Ignoring preference override of remote settings server
console.warn: services.settings: Allow by setting MOZ_REMOTE_SETTINGS_DEVTOOLS=1 in the environment
1689668154509	Marionette	INFO	Marionette enabled
1689668154793	Marionette	INFO	Listening on port 59695
1689668155200	RemoteAgent	WARN	TLS certificate errors will be ignored for this session
JavaScript warning: https://s.yimg.com/wm/mbr/b7a1bab1cfd008815d28038ccc8d7ff18d76219c/bundle.js, line 2: WEBGL_debug_renderer_info is deprecated in Firefox and will be removed. Please use RENDERER.
JavaScript warning: https://s.yimg.com/wm/mbr/b7a1bab1cfd008815d28038ccc8d7ff18d76219c/bundle.js, line 2: WEBGL_debug_renderer_info is deprecated in Firefox and will be removed. Please use RENDERER.
console.warn: LoginRecipes: "Falling back to a synchronous message for: https://login.yahoo.com."
console.warn: LoginRecipes: "Falling back to a synchronous message for: https://login.yahoo.com."
JavaScript warning: https://s.yimg.com/wm/mbr/b7a1bab1cfd008815d28038ccc8d7ff18d76219c/bundle.js, line 2: WEBGL_debug_renderer_info is deprecated in Firefox and will be removed. Please use RENDERER.
JavaScript warning: https://s.yimg.com/wm/mbr/b7a1bab1cfd008815d28038ccc8d7ff18d76219c/bundle.js, line 2: WEBGL_debug_renderer_info is deprecated in Firefox and will be removed. Please use RENDERER.
console.warn: LoginRecipes: "Falling back to a synchronous message for: https://login.yahoo.com."
console.warn: LoginRecipes: "Falling back to a synchronous message for: https://login.yahoo.com."
JavaScript warning: https://aka-cdn.adtechus.com/media/moat/adtechbrands092348fjlsmdhlwsl239fh3df/moatad.js#moatClientLevel1=5113&moatClientLevel2=374058&moatClientLevel3=0&moatClientLevel4=4830399&zMoatMaster=11137345&zMoatFlight=11170213&zMoatBanner=26888824&zURL=https&zMoatPlacementId=4830399&zMoatAdId=11170213&zMoatCreative=0&zMoatBannerID=2&zMoatCustomVisp=50&zMoatCustomVist=1000&zMoatIsAdvisGoal=0&zMoatEventUrl=https://11.ras.yahoo.com/adcount|2.0|5113.1|4830399|0|170|AdId=11170213;BnId=2;ct=2296942429;st=12258;adcid=1;itime=668201640;reqtype=5;guid=30bipg5ibciia;;impref=168966820060115627;imprefseq=67284644260742781;imprefts=1689668200;adclntid=1004;spaceid=2023538075;adposition=LREC;lmsid=;revshare=lu%253A1%253Bpt%253Ahome%253Bsite%253Afp%253Bver%253Amegastrm;pvid=BElChzEwLjIwLlmBZLZKShKdMTAzLgAAAACI6B3a;sectionid=146750051;kvsecure%2Ddarla=4%2D11%2D1%7Cysd%7C1;kvsecure=true;kvmn=y406192;kvy%2Dbucket=mimicproviderlistv2%2Dcopy%2Cdrop%5Fheimdall%5Fhomepage%5Fbucket%2Cseamless;kvpgcolo=gq1;kvrs=lu:site:1:pt:megastrm:fp:ver:home;kvssp=ssp;kvadtc%5Fdvmktname=unknown;kvadtc%5Fdvosplt=os%5Fx:os%5Fx%5F10%5F15;kvadtc%5Fdvbrand=mozilla;kvadtc%5Fdvtype=desktop;kvadtc%5Fdvmodel=firefox%5F%2D%5Fos%5Fx;kvrepo%5Fdvosplt=os%5Fx;kvadtc%5Fdvosversion=10%2E15;kvadtc%5Fcrmcc=UNKNOWN;kvadtc%5Fcrmnc=UNKNOWN;gdpr=0;us_privacy=1YNN;&zMoatSize=170&zMoatSubNetID=1&zMoatisSelected=0&zMoatadServer=us-pg.ras.yahoo.com&zMoatadVisServer=&zMoatSamplingRate=5&zMoatliveTestCookie=&zMoatRefSeqId=9ZAAIcwCvDA&zMoatImpRefTs=1689668200&zMoatAlias=y406192&zMoatVert=&zMoatBannerInfo=498042364, line 265: WEBGL_debug_renderer_info is deprecated in Firefox and will be removed. Please use RENDERER.
JavaScript warning: https://aka-cdn.adtechus.com/media/moat/adtechbrands092348fjlsmdhlwsl239fh3df/moatad.js#moatClientLevel1=5113&moatClientLevel2=374058&moatClientLevel3=0&moatClientLevel4=4830441&zMoatMaster=11137345&zMoatFlight=11170160&zMoatBanner=26888929&zURL=https&zMoatPlacementId=4830441&zMoatAdId=11170160&zMoatCreative=0&zMoatBannerID=2&zMoatCustomVisp=50&zMoatCustomVist=1000&zMoatIsAdvisGoal=0&zMoatEventUrl=https://11.ras.yahoo.com/adcount|2.0|5113.1|4830441|0|225|AdId=11170160;BnId=2;ct=2296942429;st=9464;adcid=1;itime=668201639;reqtype=5;guid=30bipg5ibciia;;impref=168966820060115620;imprefseq=67284644260742778;imprefts=1689668200;adclntid=1004;spaceid=2023538075;adposition=LDRB;lmsid=;revshare=lu%253A1%253Bpt%253Ahome%253Bsite%253Afp%253Bver%253Amegastrm;pvid=BElChzEwLjIwLlmBZLZKShKdMTAzLgAAAACI6B3a;sectionid=146750051;kvsecure%2Ddarla=4%2D11%2D1%7Cysd%7C1;kvsecure=true;kvmn=y406191;kvy%2Dbucket=mimicproviderlistv2%2Dcopy%2Cdrop%5Fheimdall%5Fhomepage%5Fbucket%2Cseamless;kvpgcolo=gq1;kvrs=lu:site:1:pt:megastrm:fp:ver:home;kvssp=ssp;kvadtc%5Fdvmktname=unknown;kvadtc%5Fdvosplt=os%5Fx:os%5Fx%5F10%5F15;kvadtc%5Fdvbrand=mozilla;kvadtc%5Fdvtype=desktop;kvadtc%5Fdvmodel=firefox%5F%2D%5Fos%5Fx;kvrepo%5Fdvosplt=os%5Fx;kvadtc%5Fdvosversion=10%2E15;kvadtc%5Fcrmcc=UNKNOWN;kvadtc%5Fcrmnc=UNKNOWN;gdpr=0;us_privacy=1YNN;&zMoatSize=225&zMoatSubNetID=1&zMoatisSelected=0&zMoatadServer=us-pg.ras.yahoo.com&zMoatadVisServer=&zMoatSamplingRate=5&zMoatliveTestCookie=&zMoatRefSeqId=6ZAAIcwCvDA&zMoatImpRefTs=1689668200&zMoatAlias=y406191&zMoatVert=&zMoatBannerInfo=498042362, line 265: WEBGL_debug_renderer_info is deprecated in Firefox and will be removed. Please use RENDERER.
JavaScript warning: https://pagead2.googlesyndication.com/bg/cHXiv2Zk-prJL7FgPqrpMWRmFmfvuFMWFBKWE-bwhsU.js line 2 > eval line 3260 > eval line 1 > eval line 1 > eval, line 1: WEBGL_debug_renderer_info is deprecated in Firefox and will be removed. Please use RENDERER.
JavaScript warning: https://pagead2.googlesyndication.com/bg/cHXiv2Zk-prJL7FgPqrpMWRmFmfvuFMWFBKWE-bwhsU.js line 2 > eval line 3583 > eval line 1 > eval line 1 > eval, line 1: WEBGL_debug_renderer_info is deprecated in Firefox and will be removed. Please use RENDERER.
JavaScript warning: https://pagead2.googlesyndication.com/bg/cHXiv2Zk-prJL7FgPqrpMWRmFmfvuFMWFBKWE-bwhsU.js line 2 > eval line 7808 > eval line 1 > eval line 1 > eval, line 1: WEBGL_debug_renderer_info is deprecated in Firefox and will be removed. Please use RENDERER.
console.warn: LoginRecipes: "Falling back to a synchronous message for: https://www.yahoo.com."
JavaScript error: , line 0: TypeError: NetworkError when attempting to fetch resource.
JavaScript warning: https://cdn.js7k.com/ix/talon-1.0.40.js, line 1: WEBGL_debug_renderer_info is deprecated in Firefox and will be removed. Please use RENDERER.
JavaScript warning: https://cdn.js7k.com/ix/talon-1.0.40.js, line 1: WEBGL_debug_renderer_info is deprecated in Firefox and will be removed. Please use RENDERER.
JavaScript warning: https://cdn.js7k.com/ix/talon-1.0.40.js, line 1: WEBGL_debug_renderer_info is deprecated in Firefox and will be removed. Please use RENDERER.
JavaScript error: , line 0: TypeError: NetworkError when attempting to fetch resource.
JavaScript warning: https://aka-cdn.adtechus.com/media/moat/adtechbrands092348fjlsmdhlwsl239fh3df/moatad.js#moatClientLevel1=5113&moatClientLevel2=374058&moatClientLevel3=0&moatClientLevel4=4831289&zMoatMaster=11137345&zMoatFlight=11170114&zMoatBanner=26888827&zURL=https&zMoatPlacementId=4831289&zMoatAdId=11170114&zMoatCreative=0&zMoatBannerID=2&zMoatCustomVisp=50&zMoatCustomVist=1000&zMoatIsAdvisGoal=0&zMoatEventUrl=https://12.ras.yahoo.com/adcount|2.0|5113.1|4831289|0|170|AdId=11170114;BnId=2;ct=2318367728;st=9021;adcid=1;itime=668222449;reqtype=5;guid=30bipg5ibciia;;impref=16896682224102341;imprefseq=136528557978423390;imprefts=1689668222;adclntid=1004;spaceid=159600001;adposition=LREC;lmsid=;revshare=lu%253A1;pvid=2919c4c9d5df0988b330d75204016574563768;sectionid=264840051;kvsecure%2Ddarla=3%2E51%2E0%7Cysd%7C2;kvsecure=true;kvmn=y401673;kvy%2Dbucket=icaffiliateadblockinboxcnt%2Cnotificationsupsell%5Fcontrol%2Cicaffiliatedesktopcart1control%2Csamsclubon%2Cympemptymlt01%2Ccontrol%2Dcaas%2Dguid%2Dbucketing%2Ddev%2Cicaffiliatedealcategorycontrol;kvpgcolo=ap%2Dsoutheast%2D1;kvrs=lu:1;kvssp=ssp;kvadtc%5Fdvmktname=unknown;kvadtc%5Fdvosplt=os%5Fx:os%5Fx%5F10%5F15;kvadtc%5Fdvbrand=mozilla;kvadtc%5Fdvtype=desktop;kvadtc%5Fdvmodel=firefox%5F%2D%5Fos%5Fx;kvrepo%5Fdvosplt=os%5Fx;kvadtc%5Fdvosversion=10%2E15;kvadtc%5Fcrmcc=UNKNOWN;kvadtc%5Fcrmnc=UNKNOWN;gdpr=0;gpp=DBABRg~BVoAACA;gpp_sid=9;&zMoatSize=170&zMoatSubNetID=1&zMoatisSelected=0&zMoatadServer=as-pg.ras.yahoo.com&zMoatadVisServer=&zMoatSamplingRate=5&zMoatliveTestCookie=&zMoatRefSeqId=eBBAIAADlHA&zMoatImpRefTs=1689668222&zMoatAlias=y401673&zMoatVert=&zMoatBannerInfo=498042404, line 265: WEBGL_debug_renderer_info is deprecated in Firefox and will be removed. Please use RENDERER.
JavaScript warning: https://aka-cdn.adtechus.com/media/moat/adtechbrands092348fjlsmdhlwsl239fh3df/moatad.js#moatClientLevel1=5113&moatClientLevel2=374058&moatClientLevel3=0&moatClientLevel4=4831290&zMoatMaster=11137345&zMoatFlight=11170250&zMoatBanner=26888828&zURL=https&zMoatPlacementId=4831290&zMoatAdId=11170250&zMoatCreative=0&zMoatBannerID=2&zMoatCustomVisp=50&zMoatCustomVist=1000&zMoatIsAdvisGoal=0&zMoatEventUrl=https://12.ras.yahoo.com/adcount|2.0|5113.1|4831290|0|170|AdId=11170250;BnId=2;ct=2318367728;st=12549;adcid=1;itime=668222453;reqtype=5;guid=30bipg5ibciia;;impref=16896682224102379;imprefseq=136528557978423393;imprefts=1689668222;adclntid=1004;spaceid=159600001;adposition=LREC4;lmsid=;revshare=lu%253A1;pvid=2919c4c9d5df0988b330d75204016574563768;sectionid=264840051;kvsecure%2Ddarla=3%2E51%2E0%7Cysd%7C2;kvsecure=true;kvmn=y401674;kvy%2Dbucket=icaffiliateadblockinboxcnt%2Cnotificationsupsell%5Fcontrol%2Cicaffiliatedesktopcart1control%2Csamsclubon%2Cympemptymlt01%2Ccontrol%2Dcaas%2Dguid%2Dbucketing%2Ddev%2Cicaffiliatedealcategorycontrol;kvpgcolo=ap%2Dsoutheast%2D1;kvrs=lu:1;kvssp=ssp;kvadtc%5Fdvmktname=unknown;kvadtc%5Fdvosplt=os%5Fx:os%5Fx%5F10%5F15;kvadtc%5Fdvbrand=mozilla;kvadtc%5Fdvtype=desktop;kvadtc%5Fdvmodel=firefox%5F%2D%5Fos%5Fx;kvrepo%5Fdvosplt=os%5Fx;kvadtc%5Fdvosversion=10%2E15;kvadtc%5Fcrmcc=UNKNOWN;kvadtc%5Fcrmnc=UNKNOWN;gdpr=0;gpp=DBABRg~BVoAACA;gpp_sid=9;&zMoatSize=170&zMoatSubNetID=1&zMoatisSelected=0&zMoatadServer=as-pg.ras.yahoo.com&zMoatadVisServer=&zMoatSamplingRate=5&zMoatliveTestCookie=&zMoatRefSeqId=hBBAIAADlHA&zMoatImpRefTs=1689668222&zMoatAlias=y401674&zMoatVert=&zMoatBannerInfo=498042430, line 265: WEBGL_debug_renderer_info is deprecated in Firefox and will be removed. Please use RENDERER.
JavaScript warning: https://pagead2.googlesyndication.com/bg/cHXiv2Zk-prJL7FgPqrpMWRmFmfvuFMWFBKWE-bwhsU.js line 2 > eval line 3816 > eval line 1 > eval line 1 > eval, line 1: WEBGL_debug_renderer_info is deprecated in Firefox and will be removed. Please use RENDERER.
JavaScript warning: https://pagead2.googlesyndication.com/bg/cHXiv2Zk-prJL7FgPqrpMWRmFmfvuFMWFBKWE-bwhsU.js line 2 > eval line 21 > eval line 1 > eval line 1 > eval, line 1: WEBGL_debug_renderer_info is deprecated in Firefox and will be removed. Please use RENDERER.
JavaScript warning: https://pagead2.googlesyndication.com/bg/cHXiv2Zk-prJL7FgPqrpMWRmFmfvuFMWFBKWE-bwhsU.js line 2 > eval line 4297 > eval line 1 > eval line 1 > eval, line 1: WEBGL_debug_renderer_info is deprecated in Firefox and will be removed. Please use RENDERER.
Exiting due to channel error.
Exiting due to channel error.
Exiting due to channel error.
Exiting due to channel error.
Exiting due to channel error.
Exiting due to channel error.
Exiting due to channel error.
Exiting due to channel error.
Exiting due to channel error.
Exiting due to channel error.
Exiting due to channel error.
Exiting due to channel error.
1689668790182	geckodriver	INFO	Listening on 127.0.0.1:62617
1689668791193	mozrunner::runner	INFO	Running command: "/Applications/Firefox.app/Contents/MacOS/firefox-bin" "--marionette" "-foreground" "-no-remote" "-profile" "/var/folders/nh/qb4ylrhx37z_117qlgwl713m0000gn/T/rust_mozprofileAQWTf9"
console.warn: services.settings: Ignoring preference override of remote settings server
console.warn: services.settings: Allow by setting MOZ_REMOTE_SETTINGS_DEVTOOLS=1 in the environment
1689668792250	Marionette	INFO	Marionette enabled
1689668792590	Marionette	INFO	Listening on port 62628
1689668793755	RemoteAgent	WARN	TLS certificate errors will be ignored for this session
JavaScript warning: https://s.yimg.com/wm/mbr/b7a1bab1cfd008815d28038ccc8d7ff18d76219c/bundle.js, line 2: WEBGL_debug_renderer_info is deprecated in Firefox and will be removed. Please use RENDERER.
JavaScript warning: https://s.yimg.com/wm/mbr/b7a1bab1cfd008815d28038ccc8d7ff18d76219c/bundle.js, line 2: WEBGL_debug_renderer_info is deprecated in Firefox and will be removed. Please use RENDERER.
console.warn: LoginRecipes: "Falling back to a synchronous message for: https://login.yahoo.com."
console.warn: LoginRecipes: "Falling back to a synchronous message for: https://login.yahoo.com."
JavaScript warning: https://s.yimg.com/wm/mbr/b7a1bab1cfd008815d28038ccc8d7ff18d76219c/bundle.js, line 2: WEBGL_debug_renderer_info is deprecated in Firefox and will be removed. Please use RENDERER.
JavaScript warning: https://s.yimg.com/wm/mbr/b7a1bab1cfd008815d28038ccc8d7ff18d76219c/bundle.js, line 2: WEBGL_debug_renderer_info is deprecated in Firefox and will be removed. Please use RENDERER.
console.warn: LoginRecipes: "Falling back to a synchronous message for: https://login.yahoo.com."
console.warn: LoginRecipes: "Falling back to a synchronous message for: https://login.yahoo.com."
JavaScript warning: https://z.moatads.com/millennialnexageinapp768429046591/moatad.js#moatClientLevel1=13853&moatClientLevel2=PubmaticAPAC&moatClientLevel3=22987&moatClientLevel4=396327150&moatClientSlicer1=222938&moatClientSlicer2=937972&zMoatIDA=IDFA, line 283: WEBGL_debug_renderer_info is deprecated in Firefox and will be removed. Please use RENDERER.
JavaScript warning: https://aka-cdn.adtechus.com/media/moat/adtechbrands092348fjlsmdhlwsl239fh3df/moatad.js#moatClientLevel1=5113&moatClientLevel2=374058&moatClientLevel3=0&moatClientLevel4=4830399&zMoatMaster=11137345&zMoatFlight=11170213&zMoatBanner=26888824&zURL=https&zMoatPlacementId=4830399&zMoatAdId=11170213&zMoatCreative=0&zMoatBannerID=2&zMoatCustomVisp=50&zMoatCustomVist=1000&zMoatIsAdvisGoal=0&zMoatEventUrl=https://10.ras.yahoo.com/adcount|2.0|5113.1|4830399|0|170|AdId=11170213;BnId=2;ct=2934695749;st=10612;adcid=1;itime=668838150;reqtype=5;guid=56u32htibcj2p;;impref=168966883886143123;imprefseq=135119027021290530;imprefts=1689668838;adclntid=1004;spaceid=2023538075;adposition=LREC;lmsid=;revshare=lu%253A1%253Bpt%253Ahome%253Bsite%253Afp%253Bver%253Amegastrm;pvid=z.Ms7jEwLjJTeGKPZLZMWQQfMTAzLgAAAACu63cl;sectionid=146750051;kvsecure%2Ddarla=4%2D11%2D1%7Cysd%7C1;kvsecure=true;kvmn=y406192;kvy%2Dbucket=neldscrappytest%2Cseamless;kvpgcolo=gq1;kvrs=lu:site:1:pt:megastrm:fp:ver:home;kvssp=ssp;kvadtc%5Fdvmktname=unknown;kvadtc%5Fdvosplt=os%5Fx:os%5Fx%5F10%5F15;kvadtc%5Fdvbrand=mozilla;kvadtc%5Fdvtype=desktop;kvadtc%5Fdvmodel=firefox%5F%2D%5Fos%5Fx;kvrepo%5Fdvosplt=os%5Fx;kvadtc%5Fdvosversion=10%2E15;kvadtc%5Fcrmcc=UNKNOWN;kvadtc%5Fcrmnc=UNKNOWN;gdpr=0;us_privacy=1YNN;&zMoatSize=170&zMoatSubNetID=1&zMoatisSelected=0&zMoatadServer=us-pg.ras.yahoo.com&zMoatadVisServer=&zMoatSamplingRate=5&zMoatliveTestCookie=&zMoatRefSeqId=iwBAIogCgHA&zMoatImpRefTs=1689668838&zMoatAlias=y406192&zMoatVert=&zMoatBannerInfo=498042364, line 265: WEBGL_debug_renderer_info is deprecated in Firefox and will be removed. Please use RENDERER.
JavaScript warning: https://pagead2.googlesyndication.com/bg/cHXiv2Zk-prJL7FgPqrpMWRmFmfvuFMWFBKWE-bwhsU.js line 2 > eval line 3148 > eval line 1 > eval line 1 > eval, line 1: WEBGL_debug_renderer_info is deprecated in Firefox and will be removed. Please use RENDERER.
JavaScript warning: https://pagead2.googlesyndication.com/bg/cHXiv2Zk-prJL7FgPqrpMWRmFmfvuFMWFBKWE-bwhsU.js line 2 > eval line 603 > eval line 1 > eval line 1 > eval, line 1: WEBGL_debug_renderer_info is deprecated in Firefox and will be removed. Please use RENDERER.
console.warn: LoginRecipes: "Falling back to a synchronous message for: https://www.yahoo.com."
JavaScript warning: https://cdn.js7k.com/ix/talon-1.0.40.js, line 1: WEBGL_debug_renderer_info is deprecated in Firefox and will be removed. Please use RENDERER.
JavaScript warning: https://cdn.js7k.com/ix/talon-1.0.40.js, line 1: WEBGL_debug_renderer_info is deprecated in Firefox and will be removed. Please use RENDERER.
JavaScript warning: https://cdn.js7k.com/ix/talon-1.0.40.js, line 1: WEBGL_debug_renderer_info is deprecated in Firefox and will be removed. Please use RENDERER.
JavaScript error: , line 0: TypeError: NetworkError when attempting to fetch resource.
JavaScript error: , line 0: TypeError: NetworkError when attempting to fetch resource.
JavaScript warning: https://aka-cdn.adtechus.com/media/moat/adtechbrands092348fjlsmdhlwsl239fh3df/moatad.js#moatClientLevel1=5113&moatClientLevel2=374058&moatClientLevel3=0&moatClientLevel4=4831290&zMoatMaster=11137345&zMoatFlight=11170250&zMoatBanner=26888828&zURL=https&zMoatPlacementId=4831290&zMoatAdId=11170250&zMoatCreative=0&zMoatBannerID=2&zMoatCustomVisp=50&zMoatCustomVist=1000&zMoatIsAdvisGoal=0&zMoatEventUrl=https://13.ras.yahoo.com/adcount|2.0|5113.1|4831290|0|170|AdId=11170250;BnId=2;ct=2956173528;st=11888;adcid=1;itime=668860271;reqtype=5;guid=56u32htibcj2p;;impref=168966886048536152;imprefseq=25910013117602731;imprefts=1689668860;adclntid=1004;spaceid=159600001;adposition=LREC4;lmsid=;revshare=lu%253A1;pvid=2924190b037aca3fd5492c574aeb7272e93755;sectionid=264840051;kvsecure%2Ddarla=3%2E51%2E0%7Cysd%7C2;kvsecure=true;kvmn=y401674;kvy%2Dbucket=walmarton%2Cselectall%5Framp%5F2%2Cicaffiliatedesktopcart1red%2Cnotificationsupsell%5Fcontrol%2Cympemptymlt01%2Ccontrol%2Dcaas%2Dguid%2Dbucketing%2Ddev%2Cicaffiliatedealcategorycontrol;kvpgcolo=ap%2Dsoutheast%2D1;kvrs=lu:1;kvssp=ssp;kvadtc%5Fdvmktname=unknown;kvadtc%5Fdvosplt=os%5Fx:os%5Fx%5F10%5F15;kvadtc%5Fdvbrand=mozilla;kvadtc%5Fdvtype=desktop;kvadtc%5Fdvmodel=firefox%5F%2D%5Fos%5Fx;kvrepo%5Fdvosplt=os%5Fx;kvadtc%5Fdvosversion=10%2E15;kvadtc%5Fcrmcc=UNKNOWN;kvadtc%5Fcrmnc=UNKNOWN;gdpr=0;gpp=DBABRg~BVoAACA;gpp_sid=9;&zMoatSize=170&zMoatSubNetID=1&zMoatisSelected=0&zMoatadServer=as-pg.ras.yahoo.com&zMoatadVisServer=&zMoatSamplingRate=5&zMoatliveTestCookie=&zMoatRefSeqId=ruBAIUQDcBA&zMoatImpRefTs=1689668860&zMoatAlias=y401674&zMoatVert=&zMoatBannerInfo=498042430, line 265: WEBGL_debug_renderer_info is deprecated in Firefox and will be removed. Please use RENDERER.
JavaScript warning: https://aka-cdn.adtechus.com/media/moat/adtechbrands092348fjlsmdhlwsl239fh3df/moatad.js#moatClientLevel1=5113&moatClientLevel2=374058&moatClientLevel3=0&moatClientLevel4=4831289&zMoatMaster=11137345&zMoatFlight=11170114&zMoatBanner=26888827&zURL=https&zMoatPlacementId=4831289&zMoatAdId=11170114&zMoatCreative=0&zMoatBannerID=2&zMoatCustomVisp=50&zMoatCustomVist=1000&zMoatIsAdvisGoal=0&zMoatEventUrl=https://13.ras.yahoo.com/adcount|2.0|5113.1|4831289|0|170|AdId=11170114;BnId=2;ct=2956173528;st=8151;adcid=1;itime=668860267;reqtype=5;guid=56u32htibcj2p;;impref=168966886048536127;imprefseq=25910013117602728;imprefts=1689668860;adclntid=1004;spaceid=159600001;adposition=LREC;lmsid=;revshare=lu%253A1;pvid=2924190b037aca3fd5492c574aeb7272e93755;sectionid=264840051;kvsecure%2Ddarla=3%2E51%2E0%7Cysd%7C2;kvsecure=true;kvmn=y401673;kvy%2Dbucket=walmarton%2Cselectall%5Framp%5F2%2Cicaffiliatedesktopcart1red%2Cnotificationsupsell%5Fcontrol%2Cympemptymlt01%2Ccontrol%2Dcaas%2Dguid%2Dbucketing%2Ddev%2Cicaffiliatedealcategorycontrol;kvpgcolo=ap%2Dsoutheast%2D1;kvrs=lu:1;kvssp=ssp;kvadtc%5Fdvmktname=unknown;kvadtc%5Fdvosplt=os%5Fx:os%5Fx%5F10%5F15;kvadtc%5Fdvbrand=mozilla;kvadtc%5Fdvtype=desktop;kvadtc%5Fdvmodel=firefox%5F%2D%5Fos%5Fx;kvrepo%5Fdvosplt=os%5Fx;kvadtc%5Fdvosversion=10%2E15;kvadtc%5Fcrmcc=UNKNOWN;kvadtc%5Fcrmnc=UNKNOWN;gdpr=0;gpp=DBABRg~BVoAACA;gpp_sid=9;&zMoatSize=170&zMoatSubNetID=1&zMoatisSelected=0&zMoatadServer=as-pg.ras.yahoo.com&zMoatadVisServer=&zMoatSamplingRate=5&zMoatliveTestCookie=&zMoatRefSeqId=ouBAIUQDcBA&zMoatImpRefTs=1689668860&zMoatAlias=y401673&zMoatVert=&zMoatBannerInfo=498042404, line 265: WEBGL_debug_renderer_info is deprecated in Firefox and will be removed. Please use RENDERER.
JavaScript warning: https://pagead2.googlesyndication.com/bg/cHXiv2Zk-prJL7FgPqrpMWRmFmfvuFMWFBKWE-bwhsU.js line 2 > eval line 4000 > eval line 1 > eval line 1 > eval, line 1: WEBGL_debug_renderer_info is deprecated in Firefox and will be removed. Please use RENDERER.
JavaScript warning: https://pagead2.googlesyndication.com/bg/cHXiv2Zk-prJL7FgPqrpMWRmFmfvuFMWFBKWE-bwhsU.js line 2 > eval line 2879 > eval line 1 > eval line 1 > eval, line 1: WEBGL_debug_renderer_info is deprecated in Firefox and will be removed. Please use RENDERER.
JavaScript warning: https://aka-cdn.adtechus.com/media/moat/adtechbrands092348fjlsmdhlwsl239fh3df/moatad.js#moatClientLevel1=5113&moatClientLevel2=374058&moatClientLevel3=0&moatClientLevel4=4831290&zMoatMaster=11137345&zMoatFlight=11170250&zMoatBanner=26888828&zURL=https&zMoatPlacementId=4831290&zMoatAdId=11170250&zMoatCreative=0&zMoatBannerID=2&zMoatCustomVisp=50&zMoatCustomVist=1000&zMoatIsAdvisGoal=0&zMoatEventUrl=https://12.ras.yahoo.com/adcount|2.0|5113.1|4831290|0|170|AdId=11170250;BnId=2;ct=2958888430;st=12848;adcid=1;itime=668862542;reqtype=5;guid=56u32htibcj2p;;impref=168966886240165180;imprefseq=173401797107391507;imprefts=1689668862;adclntid=1004;spaceid=159600001;adposition=LREC4;lmsid=;revshare=lu%253A1;pvid=27bf7890d8a0d41065be7a703a7194d15a4241;sectionid=264840051;kvsecure%2Ddarla=3%2E51%2E0%7Cysd%7C2;kvsecure=true;kvmn=y401674;kvy%2Dbucket=walmarton%2Cselectall%5Framp%5F2%2Cicaffiliatedesktopcart1red%2Cnotificationsupsell%5Fcontrol%2Cympemptymlt01%2Ccontrol%2Dcaas%2Dguid%2Dbucketing%2Ddev%2Cicaffiliatedealcategorycontrol;kvpgcolo=ap%2Dsoutheast%2D1;kvrs=lu:1;kvssp=ssp;kvadtc%5Fdvmktname=unknown;kvadtc%5Fdvosplt=os%5Fx:os%5Fx%5F10%5F15;kvadtc%5Fdvbrand=mozilla;kvadtc%5Fdvtype=desktop;kvadtc%5Fdvmodel=firefox%5F%2D%5Fos%5Fx;kvrepo%5Fdvosplt=os%5Fx;kvadtc%5Fdvosversion=10%2E15;kvadtc%5Fcrmcc=UNKNOWN;kvadtc%5Fcrmnc=UNKNOWN;gdpr=0;us_privacy=1YNN;gpp=DBABRg~BVoAACA;gpp_sid=9;&zMoatSize=170&zMoatSubNetID=1&zMoatisSelected=0&zMoatadServer=as-pg.ras.yahoo.com&zMoatadVisServer=&zMoatSamplingRate=5&zMoatliveTestCookie=&zMoatRefSeqId=TwBAIQADoJA&zMoatImpRefTs=1689668862&zMoatAlias=y401674&zMoatVert=&zMoatBannerInfo=498042430, line 265: WEBGL_debug_renderer_info is deprecated in Firefox and will be removed. Please use RENDERER.
JavaScript warning: https://aka-cdn.adtechus.com/media/moat/adtechbrands092348fjlsmdhlwsl239fh3df/moatad.js#moatClientLevel1=5113&moatClientLevel2=374058&moatClientLevel3=0&moatClientLevel4=4831289&zMoatMaster=11137345&zMoatFlight=11170114&zMoatBanner=26888827&zURL=https&zMoatPlacementId=4831289&zMoatAdId=11170114&zMoatCreative=0&zMoatBannerID=2&zMoatCustomVisp=50&zMoatCustomVist=1000&zMoatIsAdvisGoal=0&zMoatEventUrl=https://12.ras.yahoo.com/adcount|2.0|5113.1|4831289|0|170|AdId=11170114;BnId=2;ct=2958888430;st=9503;adcid=1;itime=668862539;reqtype=5;guid=56u32htibcj2p;;impref=168966886240165136;imprefseq=173401797107391504;imprefts=1689668862;adclntid=1004;spaceid=159600001;adposition=LREC;lmsid=;revshare=lu%253A1;pvid=27bf7890d8a0d41065be7a703a7194d15a4241;sectionid=264840051;kvsecure%2Ddarla=3%2E51%2E0%7Cysd%7C2;kvsecure=true;kvmn=y401673;kvy%2Dbucket=walmarton%2Cselectall%5Framp%5F2%2Cicaffiliatedesktopcart1red%2Cnotificationsupsell%5Fcontrol%2Cympemptymlt01%2Ccontrol%2Dcaas%2Dguid%2Dbucketing%2Ddev%2Cicaffiliatedealcategorycontrol;kvpgcolo=ap%2Dsoutheast%2D1;kvrs=lu:1;kvssp=ssp;kvadtc%5Fdvmktname=unknown;kvadtc%5Fdvosplt=os%5Fx:os%5Fx%5F10%5F15;kvadtc%5Fdvbrand=mozilla;kvadtc%5Fdvtype=desktop;kvadtc%5Fdvmodel=firefox%5F%2D%5Fos%5Fx;kvrepo%5Fdvosplt=os%5Fx;kvadtc%5Fdvosversion=10%2E15;kvadtc%5Fcrmcc=UNKNOWN;kvadtc%5Fcrmnc=UNKNOWN;gdpr=0;us_privacy=1YNN;gpp=DBABRg~BVoAACA;gpp_sid=9;&zMoatSize=170&zMoatSubNetID=1&zMoatisSelected=0&zMoatadServer=as-pg.ras.yahoo.com&zMoatadVisServer=&zMoatSamplingRate=5&zMoatliveTestCookie=&zMoatRefSeqId=QwBAIQADoJA&zMoatImpRefTs=1689668862&zMoatAlias=y401673&zMoatVert=&zMoatBannerInfo=498042404, line 265: WEBGL_debug_renderer_info is deprecated in Firefox and will be removed. Please use RENDERER.
JavaScript warning: https://cdn.js7k.com/ix/talon-1.0.40.js, line 1: WEBGL_debug_renderer_info is deprecated in Firefox and will be removed. Please use RENDERER.
JavaScript warning: https://cdn.js7k.com/ix/talon-1.0.40.js, line 1: WEBGL_debug_renderer_info is deprecated in Firefox and will be removed. Please use RENDERER.
JavaScript error: , line 0: TypeError: NetworkError when attempting to fetch resource.
JavaScript warning: https://pagead2.googlesyndication.com/bg/cHXiv2Zk-prJL7FgPqrpMWRmFmfvuFMWFBKWE-bwhsU.js line 2 > eval line 5221 > eval line 1 > eval line 1 > eval, line 1: WEBGL_debug_renderer_info is deprecated in Firefox and will be removed. Please use RENDERER.
JavaScript warning: https://cdn.js7k.com/ix/talon-1.0.40.js, line 1: WEBGL_debug_renderer_info is deprecated in Firefox and will be removed. Please use RENDERER.
JavaScript warning: https://cdn.js7k.com/ix/talon-1.0.40.js, line 1: WEBGL_debug_renderer_info is deprecated in Firefox and will be removed. Please use RENDERER.
JavaScript error: , line 0: TypeError: NetworkError when attempting to fetch resource.
JavaScript warning: https://pagead2.googlesyndication.com/bg/cHXiv2Zk-prJL7FgPqrpMWRmFmfvuFMWFBKWE-bwhsU.js line 2 > eval line 5007 > eval line 1 > eval line 1 > eval, line 1: WEBGL_debug_renderer_info is deprecated in Firefox and will be removed. Please use RENDERER.
JavaScript error: https://ui.tricentis.headspin.io/185.7dc325712cded259feb6.js, line 2: uncaught exception: [object Object]
1689668980116	Marionette	INFO	Stopped listening on port 62628
JavaScript warning: https://cdn.js7k.com/ix/talon-1.0.40.js, line 1: WEBGL_debug_renderer_info is deprecated in Firefox and will be removed. Please use RENDERER.
JavaScript warning: https://cdn.js7k.com/ix/talon-1.0.40.js, line 1: WEBGL_debug_renderer_info is deprecated in Firefox and will be removed. Please use RENDERER.
JavaScript error: , line 0: TypeError: NetworkError when attempting to fetch resource.
1689668980894	Marionette	WARN	No reply from parent process
1689668980895	RemoteAgent	WARN	No reply from parent process
JavaScript warning: https://cdn.js7k.com/ix/talon-1.0.40.js, line 1: WEBGL_debug_renderer_info is deprecated in Firefox and will be removed. Please use RENDERER.
JavaScript warning: https://cdn.js7k.com/ix/talon-1.0.40.js, line 1: WEBGL_debug_renderer_info is deprecated in Firefox and will be removed. Please use RENDERER.
